2022-08-27 11:38:24,884 [INFO] Activator:177 - 


2022-08-27 11:38:24,888 [INFO] Activator:178 - !SESSION log4j initialized
2022-08-27 11:39:06,000 [ERROR] LogOutputStream:74 - [STDERR_REDIRECT] SLF4J: Failed to load class "org.slf4j.impl.StaticLoggerBinder".
2022-08-27 11:39:06,003 [ERROR] LogOutputStream:74 - [STDERR_REDIRECT] SLF4J: Defaulting to no-operation (NOP) logger implementation
2022-08-27 11:39:06,004 [ERROR] LogOutputStream:74 - [STDERR_REDIRECT] SLF4J: See http://www.slf4j.org/codes.html#StaticLoggerBinder for further details.
2022-08-27 11:41:35,453 [INFO] McuFinderGlobals:44 - Set McuFinder mode to 2 (CubeIDE integrated)
2022-08-27 11:41:36,170 [INFO] ApplicationProperties:181 - Using Application install path: /opt/st/stm32cubeide_1.10.0/plugins/com.st.stm32cube.common.mx_6.6.0.202206222154
2022-08-27 11:41:36,237 [INFO] DbMcusXml:77 - Set database path to: /opt/st/stm32cubeide_1.10.0/plugins/com.st.stm32cube.common.mx_6.6.0.202206222154//db//mcu/
2022-08-27 11:41:36,239 [INFO] ApiDb:269 - Set plugin database path to: /opt/st/stm32cubeide_1.10.0/plugins/com.st.stm32cube.common.mx_6.6.0.202206222154//db//plugins/boardmanager/
2022-08-27 11:41:36,250 [WARN] ApiDb:254 - Overriding images path with different value:  => /opt/st/stm32cubeide_1.10.0/plugins/com.st.stm32cube.common.mx_6.6.0.202206222154//db//plugins/mcufinder/images/
2022-08-27 11:41:36,378 [INFO] ApiDb:249 - Set database path to: /home/encanto/.stmcufinder/plugins/mcufinder//mcu/
2022-08-27 11:41:36,383 [INFO] DbMcusAds:124 - Set database path to: /home/encanto/.stmcufinder/plugins/mcufinder//mcu/
2022-08-27 11:41:37,268 [INFO] CrossReferenceDbSqlite:201 - Set database path to: /home/encanto/.stmcufinder/plugins/mcufinder//mcu/cs/
2022-08-27 11:41:37,773 [INFO] RulesReader:61 - Compatibility file has been processed (282 Rules)
2022-08-27 11:41:38,085 [INFO] DbMcusXml:77 - Set database path to: /opt/st/stm32cubeide_1.10.0/plugins/com.st.stm32cube.common.mx_6.6.0.202206222154//db//mcu/
2022-08-27 11:41:38,086 [INFO] ApiDb:269 - Set plugin database path to: /opt/st/stm32cubeide_1.10.0/plugins/com.st.stm32cube.common.mx_6.6.0.202206222154//db//plugins/boardmanager/
2022-08-27 11:41:38,087 [INFO] ApiDb:256 - Set plugin images path to: /opt/st/stm32cubeide_1.10.0/plugins/com.st.stm32cube.common.mx_6.6.0.202206222154//db//plugins/mcufinder/images/
2022-08-27 11:41:38,089 [WARN] DbFile:40 - Overriding database path with different value: /home/encanto/.stmcufinder/plugins/mcufinder/ => /home/encanto/.stmcufinder/plugins/mcufinder
2022-08-27 11:41:38,089 [INFO] ApiDb:249 - Set database path to: /home/encanto/.stmcufinder/plugins/mcufinder//mcu/
2022-08-27 11:41:38,090 [WARN] DbFile:40 - Overriding database path with different value: /home/encanto/.stmcufinder/plugins/mcufinder/ => /home/encanto/.stmcufinder/plugins/mcufinder
2022-08-27 11:41:38,090 [INFO] DbMcusAds:124 - Set database path to: /home/encanto/.stmcufinder/plugins/mcufinder//mcu/
2022-08-27 11:41:38,094 [WARN] DbFile:40 - Overriding database path with different value: /home/encanto/.stmcufinder/plugins/mcufinder/ => /home/encanto/.stmcufinder/plugins/mcufinder
2022-08-27 11:41:38,094 [WARN] DbFile:40 - Overriding database path with different value: /home/encanto/.stmcufinder/plugins/mcufinder/ => /home/encanto/.stmcufinder/plugins/mcufinder
2022-08-27 11:41:38,095 [INFO] CrossReferenceDbSqlite:201 - Set database path to: /home/encanto/.stmcufinder/plugins/mcufinder//mcu/cs/
2022-08-27 11:41:38,412 [INFO] MainPanel:242 - HeapMemory: 369098752
2022-08-27 11:41:38,916 [INFO] DbMcusXml:77 - Set database path to: /opt/st/stm32cubeide_1.10.0/plugins/com.st.stm32cube.common.mx_6.6.0.202206222154//db//mcu/
2022-08-27 11:41:38,917 [INFO] ApiDb:269 - Set plugin database path to: /opt/st/stm32cubeide_1.10.0/plugins/com.st.stm32cube.common.mx_6.6.0.202206222154//db//plugins/boardmanager/
2022-08-27 11:41:38,918 [INFO] ApiDb:256 - Set plugin images path to: /opt/st/stm32cubeide_1.10.0/plugins/com.st.stm32cube.common.mx_6.6.0.202206222154//db//plugins/mcufinder/images/
2022-08-27 11:41:38,920 [WARN] DbFile:40 - Overriding database path with different value: /home/encanto/.stmcufinder/plugins/mcufinder/ => /home/encanto/.stmcufinder/plugins/mcufinder
2022-08-27 11:41:38,920 [INFO] ApiDb:249 - Set database path to: /home/encanto/.stmcufinder/plugins/mcufinder//mcu/
2022-08-27 11:41:38,921 [WARN] DbFile:40 - Overriding database path with different value: /home/encanto/.stmcufinder/plugins/mcufinder/ => /home/encanto/.stmcufinder/plugins/mcufinder
2022-08-27 11:41:38,922 [INFO] DbMcusAds:124 - Set database path to: /home/encanto/.stmcufinder/plugins/mcufinder//mcu/
2022-08-27 11:41:38,922 [WARN] DbFile:40 - Overriding database path with different value: /home/encanto/.stmcufinder/plugins/mcufinder/ => /home/encanto/.stmcufinder/plugins/mcufinder
2022-08-27 11:41:38,923 [WARN] DbFile:40 - Overriding database path with different value: /home/encanto/.stmcufinder/plugins/mcufinder/ => /home/encanto/.stmcufinder/plugins/mcufinder
2022-08-27 11:41:38,924 [INFO] CrossReferenceDbSqlite:201 - Set database path to: /home/encanto/.stmcufinder/plugins/mcufinder//mcu/cs/
2022-08-27 11:41:39,001 [INFO] ApplicationProperties:181 - Using Application install path: /opt/st/stm32cubeide_1.10.0/plugins/com.st.stm32cube.common.mx_6.6.0.202206222154
2022-08-27 11:41:39,008 [INFO] PluginManage:193 - Search for loadable plugins [exclusion list=, ]
2022-08-27 11:41:39,013 [INFO] PluginManage:307 - Check plugin analytics
2022-08-27 11:41:39,726 [INFO] AnalyticsPlugin:262 - Accepted Software Licenses: 
2022-08-27 11:41:39,728 [INFO] AnalyticsPlugin:264 - Accepted CMSIS Pack Licenses: 
2022-08-27 11:41:39,730 [INFO] AnalyticsPlugin:266 - Accepted Firmware Licenses: 
2022-08-27 11:41:39,773 [INFO] PluginManage:356 - Loaded plugin analytics (category:tool,tabindex:-1)
2022-08-27 11:41:39,774 [INFO] PluginManage:307 - Check plugin cadmodel
2022-08-27 11:41:39,807 [INFO] CADModel:65 - Init CAD model plugin
2022-08-27 11:41:39,809 [INFO] PluginManage:356 - Loaded plugin cadmodel (category:power,tabindex:5)
2022-08-27 11:41:39,810 [INFO] PluginManage:307 - Check plugin clock
2022-08-27 11:41:39,901 [INFO] PluginManage:356 - Loaded plugin clock (category:base,tabindex:2)
2022-08-27 11:41:39,902 [INFO] PluginManage:307 - Check plugin ddr
2022-08-27 11:41:39,933 [INFO] PluginManage:356 - Loaded plugin ddr (category:tool,tabindex:6)
2022-08-27 11:41:39,934 [INFO] PluginManage:307 - Check plugin filemanager
2022-08-27 11:41:40,559 [INFO] PluginManage:356 - Loaded plugin filemanager (category:base,tabindex:10)
2022-08-27 11:41:40,559 [INFO] PluginManage:307 - Check plugin ipmanager
2022-08-27 11:41:40,588 [INFO] PluginManage:356 - Loaded plugin ipmanager (category:base,tabindex:5)
2022-08-27 11:41:40,588 [INFO] PluginManage:307 - Check plugin lpbam
2022-08-27 11:41:40,661 [INFO] PluginManage:356 - Loaded plugin lpbam (category:base,tabindex:0)
2022-08-27 11:41:40,662 [INFO] PluginManage:307 - Check plugin pinoutandconfiguration
2022-08-27 11:41:40,735 [INFO] PluginManage:356 - Loaded plugin pinoutandconfiguration (category:base,tabindex:1)
2022-08-27 11:41:40,737 [INFO] PluginManage:307 - Check plugin pinoutconfig
2022-08-27 11:41:40,878 [INFO] PluginManage:356 - Loaded plugin pinoutconfig (category:base,tabindex:0)
2022-08-27 11:41:40,879 [INFO] PluginManage:307 - Check plugin power
2022-08-27 11:41:40,939 [INFO] PluginManage:356 - Loaded plugin power (category:power,tabindex:4)
2022-08-27 11:41:40,940 [INFO] PluginManage:307 - Check plugin projectmanager
2022-08-27 11:41:41,075 [INFO] PluginManage:356 - Loaded plugin projectmanager (category:projectmanager,tabindex:3)
2022-08-27 11:41:41,076 [INFO] PluginManage:307 - Check plugin thirdparty
2022-08-27 11:41:41,772 [WARN] IntegrityCheckThread:82 - waiting for thirdparty lock release [integrity check]
2022-08-27 11:41:41,773 [INFO] PluginManage:356 - Loaded plugin thirdparty (category:base,tabindex:-1)
2022-08-27 11:41:41,781 [INFO] PluginManage:307 - Check plugin tools
2022-08-27 11:41:41,782 [INFO] IntegrityCheckThread:84 - entering critical section [integrity check]
2022-08-27 11:41:41,789 [INFO] ThirdPartyUpdaterWithRetryManager:70 - Updater plugin not ready yet. [1/15]
2022-08-27 11:41:41,858 [INFO] PluginManage:356 - Loaded plugin tools (category:base,tabindex:7)
2022-08-27 11:41:41,859 [INFO] PluginManage:307 - Check plugin tutovideos
2022-08-27 11:41:42,653 [INFO] PluginManage:356 - Loaded plugin tutovideos (category:base,tabindex:-1)
2022-08-27 11:41:42,655 [INFO] PluginManage:307 - Check plugin updater
2022-08-27 11:41:42,727 [INFO] PluginManage:356 - Loaded plugin updater (category:base,tabindex:12)
2022-08-27 11:41:42,730 [INFO] PluginManage:280 - PluginManage : Loaded plugins [15]
2022-08-27 11:41:44,530 [INFO] PinOutPanel:1468 - setPackage(No Configuration,No Configuration)
2022-08-27 11:41:44,756 [INFO] CADModel:98 - CPN selected for project level
2022-08-27 11:41:44,790 [INFO] ThirdPartyUpdaterWithRetryManager:70 - Updater plugin not ready yet. [2/15]
2022-08-27 11:41:44,855 [INFO] IPUIPlugin:79 - create IPUIPlugin
2022-08-27 11:41:44,856 [INFO] PluginManager:217 - loadIPPluginJar : add resmgrutility
2022-08-27 11:41:44,893 [INFO] IPUIPlugin:79 - create IPUIPlugin
2022-08-27 11:41:44,894 [INFO] PluginManager:217 - loadIPPluginJar : add i2s
2022-08-27 11:41:44,933 [INFO] IPUIPlugin:79 - create IPUIPlugin
2022-08-27 11:41:44,934 [INFO] PluginManager:217 - loadIPPluginJar : add freertos
2022-08-27 11:41:44,956 [INFO] IPUIPlugin:79 - create IPUIPlugin
2022-08-27 11:41:44,957 [INFO] PluginManager:217 - loadIPPluginJar : add linkedlist
2022-08-27 11:41:44,986 [INFO] IPUIPlugin:79 - create IPUIPlugin
2022-08-27 11:41:44,987 [INFO] PluginManager:217 - loadIPPluginJar : add pdm2pcm
2022-08-27 11:41:44,993 [INFO] IPUIPlugin:79 - create IPUIPlugin
2022-08-27 11:41:44,994 [INFO] PluginManager:217 - loadIPPluginJar : add ucpd
2022-08-27 11:41:45,002 [INFO] IPUIPlugin:79 - create IPUIPlugin
2022-08-27 11:41:45,002 [INFO] PluginManager:217 - loadIPPluginJar : add lorawan
2022-08-27 11:41:45,010 [INFO] IPUIPlugin:79 - create IPUIPlugin
2022-08-27 11:41:45,011 [INFO] PluginManager:217 - loadIPPluginJar : add spi
2022-08-27 11:41:45,039 [INFO] IPUIPlugin:79 - create IPUIPlugin
2022-08-27 11:41:45,040 [INFO] PluginManager:217 - loadIPPluginJar : add aes
2022-08-27 11:41:45,086 [INFO] IPUIPlugin:79 - create IPUIPlugin
2022-08-27 11:41:45,089 [INFO] PluginManager:217 - loadIPPluginJar : add nvic
2022-08-27 11:41:45,104 [INFO] IPUIPlugin:79 - create IPUIPlugin
2022-08-27 11:41:45,106 [INFO] PluginManager:217 - loadIPPluginJar : add stm32_wpan
2022-08-27 11:41:45,116 [INFO] IPUIPlugin:79 - create IPUIPlugin
2022-08-27 11:41:45,117 [INFO] PluginManager:217 - loadIPPluginJar : add dma3
2022-08-27 11:41:45,128 [INFO] IPUIPlugin:79 - create IPUIPlugin
2022-08-27 11:41:45,129 [INFO] PluginManager:217 - loadIPPluginJar : add touchsensing
2022-08-27 11:41:45,135 [INFO] IPUIPlugin:79 - create IPUIPlugin
2022-08-27 11:41:45,136 [INFO] PluginManager:217 - loadIPPluginJar : add genericplugin
2022-08-27 11:41:45,143 [INFO] IPUIPlugin:79 - create IPUIPlugin
2022-08-27 11:41:45,144 [INFO] PluginManager:217 - loadIPPluginJar : add tracer_emb
2022-08-27 11:41:45,224 [INFO] IPUIPlugin:79 - create IPUIPlugin
2022-08-27 11:41:45,225 [INFO] PluginManager:217 - loadIPPluginJar : add adc
2022-08-27 11:41:45,233 [INFO] IPUIPlugin:79 - create IPUIPlugin
2022-08-27 11:41:45,234 [INFO] PluginManager:217 - loadIPPluginJar : add gfxmmu
2022-08-27 11:41:45,244 [INFO] IPUIPlugin:79 - create IPUIPlugin
2022-08-27 11:41:45,245 [INFO] PluginManager:217 - loadIPPluginJar : add can
2022-08-27 11:41:45,256 [INFO] IPUIPlugin:79 - create IPUIPlugin
2022-08-27 11:41:45,257 [INFO] PluginManager:217 - loadIPPluginJar : add gtzc
2022-08-27 11:41:45,275 [INFO] IPUIPlugin:79 - create IPUIPlugin
2022-08-27 11:41:45,276 [INFO] PluginManager:217 - loadIPPluginJar : add gic
2022-08-27 11:41:45,284 [INFO] IPUIPlugin:79 - create IPUIPlugin
2022-08-27 11:41:45,284 [INFO] PluginManager:217 - loadIPPluginJar : add dfsdm
2022-08-27 11:41:45,290 [INFO] IPUIPlugin:79 - create IPUIPlugin
2022-08-27 11:41:45,291 [INFO] PluginManager:217 - loadIPPluginJar : add ts
2022-08-27 11:41:45,297 [INFO] IPUIPlugin:79 - create IPUIPlugin
2022-08-27 11:41:45,297 [INFO] PluginManager:217 - loadIPPluginJar : add tim
2022-08-27 11:41:45,306 [INFO] IPUIPlugin:79 - create IPUIPlugin
2022-08-27 11:41:45,307 [INFO] PluginManager:217 - loadIPPluginJar : add usbx
2022-08-27 11:41:45,371 [INFO] IPUIPlugin:79 - create IPUIPlugin
2022-08-27 11:41:45,382 [INFO] PluginManager:217 - loadIPPluginJar : add plateformsettings
2022-08-27 11:41:45,390 [INFO] IPUIPlugin:79 - create IPUIPlugin
2022-08-27 11:41:45,391 [INFO] PluginManager:217 - loadIPPluginJar : add hash
2022-08-27 11:41:45,407 [INFO] IPUIPlugin:79 - create IPUIPlugin
2022-08-27 11:41:45,409 [INFO] PluginManager:217 - loadIPPluginJar : add ipddr
2022-08-27 11:41:45,421 [INFO] IPUIPlugin:79 - create IPUIPlugin
2022-08-27 11:41:45,423 [INFO] PluginManager:217 - loadIPPluginJar : add openamp
2022-08-27 11:41:45,461 [INFO] IPUIPlugin:79 - create IPUIPlugin
2022-08-27 11:41:45,462 [INFO] PluginManager:217 - loadIPPluginJar : add dma
2022-08-27 11:41:45,466 [INFO] IPUIPlugin:79 - create IPUIPlugin
2022-08-27 11:41:45,467 [INFO] PluginManager:217 - loadIPPluginJar : add quadspi
2022-08-27 11:41:45,472 [INFO] IPUIPlugin:79 - create IPUIPlugin
2022-08-27 11:41:45,473 [INFO] PluginManager:217 - loadIPPluginJar : add tsc
2022-08-27 11:41:45,481 [INFO] IPUIPlugin:79 - create IPUIPlugin
2022-08-27 11:41:45,482 [INFO] PluginManager:217 - loadIPPluginJar : add usart
2022-08-27 11:41:45,495 [INFO] IPUIPlugin:79 - create IPUIPlugin
2022-08-27 11:41:45,496 [INFO] PluginManager:217 - loadIPPluginJar : add fmc
2022-08-27 11:41:45,534 [INFO] IPUIPlugin:79 - create IPUIPlugin
2022-08-27 11:41:45,535 [INFO] PluginManager:217 - loadIPPluginJar : add gpio
2022-08-27 11:41:45,543 [INFO] IPUIPlugin:79 - create IPUIPlugin
2022-08-27 11:41:45,544 [INFO] PluginManager:217 - loadIPPluginJar : add opamp
2022-08-27 11:41:45,582 [INFO] IPUIPlugin:79 - create IPUIPlugin
2022-08-27 11:41:45,582 [INFO] PluginManager:217 - loadIPPluginJar : add mdma
2022-08-27 11:41:45,587 [INFO] IPUIPlugin:79 - create IPUIPlugin
2022-08-27 11:41:45,588 [INFO] PluginManager:217 - loadIPPluginJar : add comp
2022-08-27 11:41:45,597 [INFO] IPUIPlugin:79 - create IPUIPlugin
2022-08-27 11:41:45,598 [INFO] PluginManager:217 - loadIPPluginJar : add cryp
2022-08-27 11:41:45,609 [INFO] IPUIPlugin:79 - create IPUIPlugin
2022-08-27 11:41:45,609 [INFO] PluginManager:217 - loadIPPluginJar : add sai
2022-08-27 11:41:45,618 [INFO] IPUIPlugin:79 - create IPUIPlugin
2022-08-27 11:41:45,618 [INFO] PluginManager:217 - loadIPPluginJar : add i2c
2022-08-27 11:41:45,622 [INFO] IPUIPlugin:79 - create IPUIPlugin
2022-08-27 11:41:45,623 [INFO] PluginManager:217 - loadIPPluginJar : add ltdc
2022-08-27 11:41:45,627 [INFO] IPUIPlugin:79 - create IPUIPlugin
2022-08-27 11:41:45,628 [INFO] PluginManager:217 - loadIPPluginJar : add fatfs
2022-08-27 11:41:46,635 [FATAL] Updater:301 - Updater called before beeing initialized
2022-08-27 11:41:47,028 [FATAL] Updater:301 - Updater called before beeing initialized
2022-08-27 11:41:47,065 [INFO] DbMcusAds:52 - JSON generation date=Thu Sep 30 15:55:09 KST 2021 (1632984909377)
2022-08-27 11:41:47,066 [FATAL] Updater:301 - Updater called before beeing initialized
2022-08-27 11:41:47,259 [WARN] DetailPanel:344 - Failed to get advertising image, set to default
2022-08-27 11:41:47,790 [FATAL] Updater:301 - Updater called before beeing initialized
2022-08-27 11:41:47,791 [INFO] ThirdPartyUpdaterWithRetryManager:70 - Updater plugin not ready yet. [3/15]
2022-08-27 11:41:47,798 [FATAL] Updater:301 - Updater called before beeing initialized
2022-08-27 11:41:47,798 [FATAL] Updater:301 - Updater called before beeing initialized
2022-08-27 11:41:47,799 [WARN] DetailPanel:344 - Failed to get advertising image, set to default
2022-08-27 11:41:47,804 [FATAL] Updater:301 - Updater called before beeing initialized
2022-08-27 11:41:47,985 [ERROR] Updater:1105 - MainUpdater not yet initialized. External WinMGr cannot be set.
2022-08-27 11:41:47,995 [INFO] Updater:1041 - Updater Version found : 6.6.0
2022-08-27 11:41:48,071 [INFO] ApplicationProperties:181 - Using Application install path: /opt/st/stm32cubeide_1.10.0/plugins/com.st.stm32cube.common.mx_6.6.0.202206222154
2022-08-27 11:41:48,777 [INFO] MainUpdater:2768 - connection check result : 10
2022-08-27 11:41:48,780 [INFO] MainUpdater:280 - Updater Check For Update Now.
2022-08-27 11:41:48,781 [INFO] MicroXplorer:481 - Change Database Version : DB.6.0.60
2022-08-27 11:41:49,172 [INFO] CheckServerUpdateThread:119 - End of CheckServer Thread
2022-08-27 11:41:49,207 [INFO] MainUpdater:2768 - connection check result : 10
2022-08-27 11:41:50,409 [INFO] McuFinderGlobals:57 - Set McuFinderConnectedMode to true
2022-08-27 11:41:50,433 [INFO] MultiScanPanel:195 - Auto-refresh data requested => check proxy status ongoing
2022-08-27 11:41:50,446 [INFO] FinderPluginLoader:92 - Searching for filters in installed packs
2022-08-27 11:41:50,877 [INFO] ApiDb:576 - Connected to CubeFinder SQLite database (/home/encanto/.stmcufinder/plugins/mcufinder/mcu/cube-finder-db.db)
2022-08-27 11:41:51,116 [INFO] ApiDb:663 - CubeFinder database Data Model version=2.1
2022-08-27 11:41:51,117 [INFO] ApiDb:664 - CubeFinder database Configuration version=3.0.32
2022-08-27 11:41:51,118 [INFO] ApiDb:665 - CubeFinder database generation date=2022-08-05 (1659688109)
2022-08-27 11:41:51,119 [INFO] ApiDb:666 - CubeFinder database FW Pack versions=[STM32Cube_FW_C0_V1.0.0, STM32Cube_FW_F4_V1.27.1, STM32Cube_FW_F7_V1.17.0, STM32Cube_FW_G0_V1.6.1, STM32Cube_FW_G4_V1.5.0, STM32Cube_FW_H7_V1.10.0, STM32Cube_FW_L5_V1.4.0, STM32Cube_FW_U5_V1.1.1, STM32Cube_FW_WB_V1.14.1, STM32Cube_FW_WL_V1.2.0, X-CUBE-ALGOBUILD_V1.3.0, X-CUBE-ALS_V1.0.1, X-CUBE-AZRTOS-F4_V1.1.0, X-CUBE-AZRTOS-F7_V1.1.0, X-CUBE-AZRTOS-G0_V1.1.0, X-CUBE-AZRTOS-G4_V1.0.0, X-CUBE-AZRTOS-H7_V2.1.0, X-CUBE-AZRTOS-L4_V1.0.0, X-CUBE-AZRTOS-L5_V1.0.0, X-CUBE-AZRTOS-WL_V1.0.0, X-CUBE-BLE1_V6.2.3, X-CUBE-BLE2_V3.3.0, X-CUBE-EEPRMA1_V3.1.1, X-CUBE-GNSS1_V6.0.0, X-CUBE-MEMS1_V9.1.0, X-CUBE-MEMS1_V9.3.0, X-CUBE-NFC4_V2.0.4, X-CUBE-NFC7_V1.0.0, X-CUBE-SFXS2LP1_V4.0.0, X-CUBE-SUBG2_V5.0.0]
2022-08-27 11:41:51,499 [WARN] PackLoader:242 - Cannot read IP mode file for STMicroelectronics.X-CUBE-GNSS1.6.0.0
2022-08-27 11:41:51,719 [WARN] PackLoader:242 - Cannot read IP mode file for STMicroelectronics.X-CUBE-AZRTOS-F4.1.1.0
2022-08-27 11:41:52,233 [WARN] PackLoader:242 - Cannot read IP mode file for STMicroelectronics.X-CUBE-MEMS1.9.2.0
2022-08-27 11:41:53,641 [WARN] PackLoader:242 - Cannot read IP mode file for STMicroelectronics.X-CUBE-AZRTOS-F7.1.1.0
2022-08-27 11:41:53,676 [WARN] PackLoader:242 - Cannot read IP mode file for STMicroelectronics.X-CUBE-AI.7.1.0
2022-08-27 11:41:53,707 [WARN] PackLoader:242 - Cannot read IP mode file for STMicroelectronics.X-CUBE-BLE1.6.2.3
2022-08-27 11:41:53,781 [WARN] PackLoader:242 - Cannot read IP mode file for STMicroelectronics.X-CUBE-NFC4.2.0.4
2022-08-27 11:41:53,951 [WARN] PackLoader:242 - Cannot read IP mode file for STMicroelectronics.X-CUBE-AZRTOS-F4.1.0.0
2022-08-27 11:41:54,001 [WARN] PackLoader:242 - Cannot read IP mode file for STMicroelectronics.X-CUBE-NFC7.1.0.0
2022-08-27 11:41:54,452 [WARN] PackLoader:242 - Cannot read IP mode file for STMicroelectronics.X-CUBE-MEMS1.9.3.0
2022-08-27 11:41:55,334 [WARN] PackLoader:242 - Cannot read IP mode file for STMicroelectronics.X-CUBE-AI.7.2.0
2022-08-27 11:41:55,379 [WARN] PackLoader:242 - Cannot read IP mode file for STMicroelectronics.X-CUBE-BLE2.3.3.0
2022-08-27 11:41:55,436 [WARN] PackLoader:242 - Cannot read IP mode file for STMicroelectronics.X-CUBE-DISPLAY.2.2.0
2022-08-27 11:41:55,478 [WARN] PackLoader:242 - Cannot read IP mode file for STMicroelectronics.X-CUBE-ISPU.1.0.0
2022-08-27 11:41:55,522 [WARN] PackLoader:242 - Cannot read IP mode file for RoweBots.I-CUBE-UNISONRTOS.5.5.0-4
2022-08-27 11:41:55,643 [WARN] PackLoader:242 - Cannot read IP mode file for STMicroelectronics.X-CUBE-AZRTOS-H7.2.1.0
2022-08-27 11:41:55,721 [WARN] PackLoader:242 - Cannot read IP mode file for wolfSSL.I-CUBE-wolfSSL.5.4.0
2022-08-27 11:41:55,763 [WARN] PackLoader:242 - Cannot read IP mode file for STMicroelectronics.X-CUBE-BLEMGR.1.0.0
2022-08-27 11:41:55,832 [WARN] PackLoader:242 - Cannot read IP mode file for STMicroelectronics.X-CUBE-ALGOBUILD.1.3.0
2022-08-27 11:41:55,970 [WARN] PackLoader:242 - Cannot read IP mode file for STMicroelectronics.X-CUBE-AZRTOS-G0.1.1.0
2022-08-27 11:41:56,100 [WARN] PackLoader:242 - Cannot read IP mode file for STMicroelectronics.X-CUBE-SUBG2.5.0.0
2022-08-27 11:41:56,478 [WARN] PackLoader:242 - Cannot read IP mode file for SEGGER.I-CUBE-embOS.1.2.0
2022-08-27 11:41:56,821 [WARN] PackLoader:242 - Cannot read IP mode file for STMicroelectronics.X-CUBE-AZRTOS-G4.1.0.0
2022-08-27 11:41:56,930 [WARN] PackLoader:242 - Cannot read IP mode file for STMicroelectronics.X-CUBE-AZRTOS-L4.1.0.0
2022-08-27 11:41:57,028 [WARN] PackLoader:242 - Cannot read IP mode file for emotas.I-CUBE-CANOPEN.1.1.2
2022-08-27 11:41:57,117 [WARN] PackLoader:242 - Cannot read IP mode file for STMicroelectronics.X-CUBE-AZRTOS-WL.1.0.0
2022-08-27 11:41:57,154 [WARN] PackLoader:242 - Cannot read IP mode file for portGmbH.I-Cube-SoM-uGOAL.1.1.0
2022-08-27 11:41:57,189 [WARN] PackLoader:242 - Cannot read IP mode file for STMicroelectronics.X-CUBE-ALS.1.0.1
2022-08-27 11:41:57,320 [WARN] PackLoader:242 - Cannot read IP mode file for STMicroelectronics.X-CUBE-AZRTOS-L5.1.0.0
2022-08-27 11:41:57,348 [WARN] PackLoader:242 - Cannot read IP mode file for STMicroelectronics.X-CUBE-EEPRMA1.3.1.1
2022-08-27 11:41:57,356 [INFO] ThirdParty:929 - Integrity check success = true
2022-08-27 11:41:57,357 [INFO] IntegrityCheckThread:98 - exiting critical section [integrity check]
2022-08-27 11:41:57,357 [INFO] IntegrityCheckThread:101 - End integrity checks thread
2022-08-27 11:42:02,088 [INFO] ApiDb:239 - Found 138 in-development CPN: [B-WB1M-WPAN1, NUCLEO-C031C6, STEVAL-STWINBX1, STM320518-EVAL, STM32C0116-DK, STM32C011D6Y3TR, STM32C011D6Y6TR, STM32C011F4P3, STM32C011F4P6, STM32C011F4U3, STM32C011F4U6TR, STM32C011F6P3, STM32C011F6P6, STM32C011F6U3, STM32C011F6U6TR, STM32C011J4M3, STM32C011J4M6, STM32C011J6M3, STM32C011J6M6, STM32C0316-DK, STM32C031C4T3, STM32C031C4T6, STM32C031C4U3, STM32C031C4U6, STM32C031C6T3, STM32C031C6T6, STM32C031C6U3, STM32C031C6U6, STM32C031F4P3, STM32C031F4P6, STM32C031F6P3, STM32C031F6P6, STM32C031G4U3, STM32C031G4U6, STM32C031G6U3, STM32C031G6U6, STM32C031K4T3, STM32C031K4T6, STM32C031K4U3, STM32C031K4U6, STM32C031K6T3, STM32C031K6T6, STM32C031K6U3, STM32C031K6U6, STM32G071K8TXN, STM32G071K8UXN, STM32G081GBU6N, STM32G081KBT6N, STM32G081KBUXN, STM32G0B1CCT6N, STM32G0B1KCT6, STM32G0B1NEY6TR, STM32G0B1RCT6N, STM32G0C1CCT6, STM32G0C1CCT6N, STM32G0C1CCU6N, STM32G0C1CET6N, STM32G0C1CEU6N, STM32G0C1KCT6, STM32G0C1NEY6TR, STM32G0C1RCI6N, STM32G0C1RCT6N, STM32G0C1REI6N, STM32G0C1RET6N, STM32G0C1VCI6, STM32G0C1VEI6, STM32G471CCT6, STM32G471CCU6, STM32G471CET3, STM32G471CET6, STM32G471CEU3, STM32G471CEU6, STM32G471MCT6, STM32G471MET3, STM32G471MET6, STM32G471MEY6TR, STM32G471QCT6, STM32G471QET3, STM32G471RCT6, STM32G471RET3, STM32G471RET6, STM32G471VCH6, STM32G471VCI6, STM32G471VCT6, STM32G471VEH3, STM32G471VEH6, STM32G471VEI3, STM32G471VEI6, STM32G471VET3, STM32G471VET6, STM32G474CCT6, STM32L476VGY6PTR, STM32L4R5QGI6STR, STM32MP131AAE3, STM32MP131AAF3, STM32MP131AAG3, STM32MP131CAE3, STM32MP131CAF3, STM32MP131CAG3, STM32MP131DAE7, STM32MP131DAF7, STM32MP131DAG7, STM32MP131FAE7, STM32MP131FAF7, STM32MP131FAG7, STM32MP133AAE3, STM32MP133AAF3, STM32MP133AAG3, STM32MP133CAE3, STM32MP133CAF3, STM32MP133CAG3, STM32MP133DAE7, STM32MP133DAF7, STM32MP133DAG7, STM32MP133FAE7, STM32MP133FAF7, STM32MP133FAG7, STM32MP135AAE3, STM32MP135AAF3, STM32MP135AAG3, STM32MP135CAE3, STM32MP135CAF3, STM32MP135CAG3, STM32MP135DAE7, STM32MP135DAF7, STM32MP135DAG7, STM32MP135F-DK, STM32MP135FAE7, STM32MP135FAF7, STM32MP135FAG7, STM32U595ZJT6Q, STM32U599BJY6QTR, STM32U599NIH6Q, STM32U599NJH6Q, STM32U5A5ZJT6Q, STM32U5A9BJY6QTR, STM32U5A9NJH6Q, STM32WB1MMCH6]
2022-08-27 11:42:02,106 [INFO] DbMcus:215 - Found 3542 MCUs, 3542 are supported
2022-08-27 11:42:02,161 [INFO] ApiDb:409 - User favorites file not found: /home/encanto/.stm32cubeide/favorites.mcus.txt
2022-08-27 11:42:02,162 [INFO] DbMcus:221 - Set 0 / 0 favorites MCUs
2022-08-27 11:42:12,912 [INFO] LoadUrlFilesThread:177 - End of LoadServerUrlFiles without Thread
2022-08-27 11:42:12,981 [INFO] DetailPanel:339 - Set advertising image to /home/encanto/STM32Cube/Repository//en.Prom_NBSTM32U50921.jpg
2022-08-27 11:42:17,126 [INFO] MultiScanPanel:778 - Auto Refresh Data is not needed
2022-08-27 11:42:17,160 [INFO] ApiDb:663 - CubeFinder database Data Model version=2.1
2022-08-27 11:42:17,161 [INFO] ApiDb:664 - CubeFinder database Configuration version=3.0.32
2022-08-27 11:42:17,162 [INFO] ApiDb:665 - CubeFinder database generation date=2022-08-05 (1659688109)
2022-08-27 11:42:17,162 [INFO] ApiDb:666 - CubeFinder database FW Pack versions=[STM32Cube_FW_C0_V1.0.0, STM32Cube_FW_F4_V1.27.1, STM32Cube_FW_F7_V1.17.0, STM32Cube_FW_G0_V1.6.1, STM32Cube_FW_G4_V1.5.0, STM32Cube_FW_H7_V1.10.0, STM32Cube_FW_L5_V1.4.0, STM32Cube_FW_U5_V1.1.1, STM32Cube_FW_WB_V1.14.1, STM32Cube_FW_WL_V1.2.0, X-CUBE-ALGOBUILD_V1.3.0, X-CUBE-ALS_V1.0.1, X-CUBE-AZRTOS-F4_V1.1.0, X-CUBE-AZRTOS-F7_V1.1.0, X-CUBE-AZRTOS-G0_V1.1.0, X-CUBE-AZRTOS-G4_V1.0.0, X-CUBE-AZRTOS-H7_V2.1.0, X-CUBE-AZRTOS-L4_V1.0.0, X-CUBE-AZRTOS-L5_V1.0.0, X-CUBE-AZRTOS-WL_V1.0.0, X-CUBE-BLE1_V6.2.3, X-CUBE-BLE2_V3.3.0, X-CUBE-EEPRMA1_V3.1.1, X-CUBE-GNSS1_V6.0.0, X-CUBE-MEMS1_V9.1.0, X-CUBE-MEMS1_V9.3.0, X-CUBE-NFC4_V2.0.4, X-CUBE-NFC7_V1.0.0, X-CUBE-SFXS2LP1_V4.0.0, X-CUBE-SUBG2_V5.0.0]
2022-08-27 11:42:17,438 [INFO] DbBoardsSqlite:227 - include board P-NUCLEO-WB55-NUCLEO as a kit item of type 'Nucleo-64'
2022-08-27 11:42:17,440 [INFO] DbBoardsSqlite:227 - include board P-NUCLEO-WB55-USBDONGLE as a kit item of type 'Nucleo USB Dongle'
2022-08-27 11:42:17,441 [INFO] DbBoardsSqlite:227 - include board STEVAL-IDP005V1 as a kit item of type 'Evaluation Board'
2022-08-27 11:42:17,442 [INFO] DbBoardsSqlite:227 - include board STEVAL-IDP005V2 as a kit item of type 'Evaluation Board'
2022-08-27 11:42:17,500 [INFO] ApiDb:239 - Found 138 in-development CPN: [B-WB1M-WPAN1, NUCLEO-C031C6, STEVAL-STWINBX1, STM320518-EVAL, STM32C0116-DK, STM32C011D6Y3TR, STM32C011D6Y6TR, STM32C011F4P3, STM32C011F4P6, STM32C011F4U3, STM32C011F4U6TR, STM32C011F6P3, STM32C011F6P6, STM32C011F6U3, STM32C011F6U6TR, STM32C011J4M3, STM32C011J4M6, STM32C011J6M3, STM32C011J6M6, STM32C0316-DK, STM32C031C4T3, STM32C031C4T6, STM32C031C4U3, STM32C031C4U6, STM32C031C6T3, STM32C031C6T6, STM32C031C6U3, STM32C031C6U6, STM32C031F4P3, STM32C031F4P6, STM32C031F6P3, STM32C031F6P6, STM32C031G4U3, STM32C031G4U6, STM32C031G6U3, STM32C031G6U6, STM32C031K4T3, STM32C031K4T6, STM32C031K4U3, STM32C031K4U6, STM32C031K6T3, STM32C031K6T6, STM32C031K6U3, STM32C031K6U6, STM32G071K8TXN, STM32G071K8UXN, STM32G081GBU6N, STM32G081KBT6N, STM32G081KBUXN, STM32G0B1CCT6N, STM32G0B1KCT6, STM32G0B1NEY6TR, STM32G0B1RCT6N, STM32G0C1CCT6, STM32G0C1CCT6N, STM32G0C1CCU6N, STM32G0C1CET6N, STM32G0C1CEU6N, STM32G0C1KCT6, STM32G0C1NEY6TR, STM32G0C1RCI6N, STM32G0C1RCT6N, STM32G0C1REI6N, STM32G0C1RET6N, STM32G0C1VCI6, STM32G0C1VEI6, STM32G471CCT6, STM32G471CCU6, STM32G471CET3, STM32G471CET6, STM32G471CEU3, STM32G471CEU6, STM32G471MCT6, STM32G471MET3, STM32G471MET6, STM32G471MEY6TR, STM32G471QCT6, STM32G471QET3, STM32G471RCT6, STM32G471RET3, STM32G471RET6, STM32G471VCH6, STM32G471VCI6, STM32G471VCT6, STM32G471VEH3, STM32G471VEH6, STM32G471VEI3, STM32G471VEI6, STM32G471VET3, STM32G471VET6, STM32G474CCT6, STM32L476VGY6PTR, STM32L4R5QGI6STR, STM32MP131AAE3, STM32MP131AAF3, STM32MP131AAG3, STM32MP131CAE3, STM32MP131CAF3, STM32MP131CAG3, STM32MP131DAE7, STM32MP131DAF7, STM32MP131DAG7, STM32MP131FAE7, STM32MP131FAF7, STM32MP131FAG7, STM32MP133AAE3, STM32MP133AAF3, STM32MP133AAG3, STM32MP133CAE3, STM32MP133CAF3, STM32MP133CAG3, STM32MP133DAE7, STM32MP133DAF7, STM32MP133DAG7, STM32MP133FAE7, STM32MP133FAF7, STM32MP133FAG7, STM32MP135AAE3, STM32MP135AAF3, STM32MP135AAG3, STM32MP135CAE3, STM32MP135CAF3, STM32MP135CAG3, STM32MP135DAE7, STM32MP135DAF7, STM32MP135DAG7, STM32MP135F-DK, STM32MP135FAE7, STM32MP135FAF7, STM32MP135FAG7, STM32U595ZJT6Q, STM32U599BJY6QTR, STM32U599NIH6Q, STM32U599NJH6Q, STM32U5A5ZJT6Q, STM32U5A9BJY6QTR, STM32U5A9NJH6Q, STM32WB1MMCH6]
2022-08-27 11:42:18,002 [INFO] BoardInfo:879 - No configuration file found for board P-NUCLEO-WB55
2022-08-27 11:42:18,003 [INFO] DbBoards:156 - Kit is not supported: P-NUCLEO-WB55
2022-08-27 11:42:18,019 [INFO] BoardInfo:879 - No configuration file found for board STEVAL-BFA001V1B
2022-08-27 11:42:18,020 [INFO] DbBoards:156 - Kit is not supported: STEVAL-BFA001V1B
2022-08-27 11:42:18,024 [INFO] BoardInfo:879 - No configuration file found for board STEVAL-BFA001V2B
2022-08-27 11:42:18,024 [INFO] DbBoards:156 - Kit is not supported: STEVAL-BFA001V2B
2022-08-27 11:42:18,444 [INFO] DbBoards:160 - Found 176 boards, 173 are supported
2022-08-27 11:42:18,466 [INFO] ApiDb:409 - User favorites file not found: /home/encanto/.stm32cubeide/favorites.boards.txt
2022-08-27 11:42:18,467 [INFO] DbBoards:189 - Set 0 / 0 favorites Boards
2022-08-27 11:42:35,640 [INFO] CrossSelectorPresenter:1353 - Cross Selector saved comparison directory: /home/encanto/.stmcufinder/plugins/mcufinder/mcu/cs_comparisons_mx
2022-08-27 11:42:35,696 [INFO] CrossReferenceDbSqlite:241 - SQLite db open (/home/encanto/.stmcufinder/plugins/mcufinder/mcu/cs/crdb.db)
2022-08-27 11:42:43,084 [INFO] McuFinderGlobals:57 - Set McuFinderConnectedMode to true
2022-08-27 11:42:43,897 [INFO] ApiDb:443 - Save user favorites file /home/encanto/.stm32cubeide/favorites.mcus.txt: 0 item(s)
2022-08-27 11:42:43,898 [INFO] ApiDb:447 - User favorites MCUs=[]
2022-08-27 12:55:40,812 [ERROR] LogOutputStream:74 - [STDERR_REDIRECT] Warning: NLS missing message: ExternalToolsPreferencePage_External_tool_project_builders_migration_2 in: org.eclipse.ui.externaltools.internal.ui.ExternalToolsUIMessages
2022-08-27 12:55:40,854 [ERROR] LogOutputStream:74 - [STDERR_REDIRECT] Warning: NLS missing message: ExternalToolsPreferencePage_Prompt_before_migrating_3 in: org.eclipse.ui.externaltools.internal.ui.ExternalToolsUIMessages
2022-08-27 12:55:40,856 [ERROR] LogOutputStream:74 - [STDERR_REDIRECT] Warning: NLS missing message: ExternalToolsPreferencePage_1 in: org.eclipse.ui.externaltools.internal.ui.ExternalToolsUIMessages
2022-08-27 16:42:07,364 [INFO] Activator:177 - 


2022-08-27 16:42:07,373 [INFO] Activator:178 - !SESSION log4j initialized
2022-08-27 16:42:50,478 [ERROR] LogOutputStream:74 - [STDERR_REDIRECT] SLF4J: Failed to load class "org.slf4j.impl.StaticLoggerBinder".
2022-08-27 16:42:50,481 [ERROR] LogOutputStream:74 - [STDERR_REDIRECT] SLF4J: Defaulting to no-operation (NOP) logger implementation
2022-08-27 16:42:50,489 [ERROR] LogOutputStream:74 - [STDERR_REDIRECT] SLF4J: See http://www.slf4j.org/codes.html#StaticLoggerBinder for further details.
2022-09-04 11:30:20,788 [INFO] Activator:177 - 


2022-09-04 11:30:20,830 [INFO] Activator:178 - !SESSION log4j initialized
2022-09-04 11:31:43,861 [ERROR] LogOutputStream:74 - [STDERR_REDIRECT] SLF4J: Failed to load class "org.slf4j.impl.StaticLoggerBinder".
2022-09-04 11:31:43,996 [ERROR] LogOutputStream:74 - [STDERR_REDIRECT] SLF4J: Defaulting to no-operation (NOP) logger implementation
2022-09-04 11:31:43,998 [ERROR] LogOutputStream:74 - [STDERR_REDIRECT] SLF4J: See http://www.slf4j.org/codes.html#StaticLoggerBinder for further details.
2022-09-04 11:41:53,612 [INFO] ApplicationProperties:181 - Using Application install path: /opt/st/stm32cubeide_1.10.0/plugins/com.st.stm32cube.common.mx_6.6.0.202206222154
2022-09-04 11:41:53,744 [INFO] DbMcusXml:77 - Set database path to: /opt/st/stm32cubeide_1.10.0/plugins/com.st.stm32cube.common.mx_6.6.0.202206222154//db//mcu/
2022-09-04 11:41:53,746 [INFO] ApiDb:269 - Set plugin database path to: /opt/st/stm32cubeide_1.10.0/plugins/com.st.stm32cube.common.mx_6.6.0.202206222154//db//plugins/boardmanager/
2022-09-04 11:41:53,759 [WARN] ApiDb:254 - Overriding images path with different value:  => /opt/st/stm32cubeide_1.10.0/plugins/com.st.stm32cube.common.mx_6.6.0.202206222154//db//plugins/mcufinder/images/
2022-09-04 11:41:53,965 [INFO] ApiDb:249 - Set database path to: /home/encanto/.stmcufinder/plugins/mcufinder//mcu/
2022-09-04 11:41:53,970 [INFO] DbMcusAds:124 - Set database path to: /home/encanto/.stmcufinder/plugins/mcufinder//mcu/
2022-09-04 11:41:54,407 [INFO] CrossReferenceDbSqlite:201 - Set database path to: /home/encanto/.stmcufinder/plugins/mcufinder//mcu/cs/
2022-09-04 11:41:54,905 [INFO] RulesReader:61 - Compatibility file has been processed (282 Rules)
2022-09-04 11:41:55,238 [INFO] DbMcusXml:77 - Set database path to: /opt/st/stm32cubeide_1.10.0/plugins/com.st.stm32cube.common.mx_6.6.0.202206222154//db//mcu/
2022-09-04 11:41:55,239 [INFO] ApiDb:269 - Set plugin database path to: /opt/st/stm32cubeide_1.10.0/plugins/com.st.stm32cube.common.mx_6.6.0.202206222154//db//plugins/boardmanager/
2022-09-04 11:41:55,240 [INFO] ApiDb:256 - Set plugin images path to: /opt/st/stm32cubeide_1.10.0/plugins/com.st.stm32cube.common.mx_6.6.0.202206222154//db//plugins/mcufinder/images/
2022-09-04 11:41:55,242 [WARN] DbFile:40 - Overriding database path with different value: /home/encanto/.stmcufinder/plugins/mcufinder/ => /home/encanto/.stmcufinder/plugins/mcufinder
2022-09-04 11:41:55,243 [INFO] ApiDb:249 - Set database path to: /home/encanto/.stmcufinder/plugins/mcufinder//mcu/
2022-09-04 11:41:55,243 [WARN] DbFile:40 - Overriding database path with different value: /home/encanto/.stmcufinder/plugins/mcufinder/ => /home/encanto/.stmcufinder/plugins/mcufinder
2022-09-04 11:41:55,244 [INFO] DbMcusAds:124 - Set database path to: /home/encanto/.stmcufinder/plugins/mcufinder//mcu/
2022-09-04 11:41:55,244 [WARN] DbFile:40 - Overriding database path with different value: /home/encanto/.stmcufinder/plugins/mcufinder/ => /home/encanto/.stmcufinder/plugins/mcufinder
2022-09-04 11:41:55,248 [WARN] DbFile:40 - Overriding database path with different value: /home/encanto/.stmcufinder/plugins/mcufinder/ => /home/encanto/.stmcufinder/plugins/mcufinder
2022-09-04 11:41:55,249 [INFO] CrossReferenceDbSqlite:201 - Set database path to: /home/encanto/.stmcufinder/plugins/mcufinder//mcu/cs/
2022-09-04 11:41:55,642 [INFO] MainPanel:242 - HeapMemory: 393216000
2022-09-04 11:41:56,159 [INFO] DbMcusXml:77 - Set database path to: /opt/st/stm32cubeide_1.10.0/plugins/com.st.stm32cube.common.mx_6.6.0.202206222154//db//mcu/
2022-09-04 11:41:56,161 [INFO] ApiDb:269 - Set plugin database path to: /opt/st/stm32cubeide_1.10.0/plugins/com.st.stm32cube.common.mx_6.6.0.202206222154//db//plugins/boardmanager/
2022-09-04 11:41:56,162 [INFO] ApiDb:256 - Set plugin images path to: /opt/st/stm32cubeide_1.10.0/plugins/com.st.stm32cube.common.mx_6.6.0.202206222154//db//plugins/mcufinder/images/
2022-09-04 11:41:56,165 [WARN] DbFile:40 - Overriding database path with different value: /home/encanto/.stmcufinder/plugins/mcufinder/ => /home/encanto/.stmcufinder/plugins/mcufinder
2022-09-04 11:41:56,166 [INFO] ApiDb:249 - Set database path to: /home/encanto/.stmcufinder/plugins/mcufinder//mcu/
2022-09-04 11:41:56,167 [WARN] DbFile:40 - Overriding database path with different value: /home/encanto/.stmcufinder/plugins/mcufinder/ => /home/encanto/.stmcufinder/plugins/mcufinder
2022-09-04 11:41:56,168 [INFO] DbMcusAds:124 - Set database path to: /home/encanto/.stmcufinder/plugins/mcufinder//mcu/
2022-09-04 11:41:56,169 [WARN] DbFile:40 - Overriding database path with different value: /home/encanto/.stmcufinder/plugins/mcufinder/ => /home/encanto/.stmcufinder/plugins/mcufinder
2022-09-04 11:41:56,169 [WARN] DbFile:40 - Overriding database path with different value: /home/encanto/.stmcufinder/plugins/mcufinder/ => /home/encanto/.stmcufinder/plugins/mcufinder
2022-09-04 11:41:56,170 [INFO] CrossReferenceDbSqlite:201 - Set database path to: /home/encanto/.stmcufinder/plugins/mcufinder//mcu/cs/
2022-09-04 11:41:56,257 [INFO] ApplicationProperties:181 - Using Application install path: /opt/st/stm32cubeide_1.10.0/plugins/com.st.stm32cube.common.mx_6.6.0.202206222154
2022-09-04 11:41:56,264 [INFO] PluginManage:193 - Search for loadable plugins [exclusion list=, ]
2022-09-04 11:41:56,270 [INFO] PluginManage:307 - Check plugin analytics
2022-09-04 11:41:56,910 [INFO] AnalyticsPlugin:262 - Accepted Software Licenses: 
2022-09-04 11:41:56,911 [INFO] AnalyticsPlugin:264 - Accepted CMSIS Pack Licenses: 
2022-09-04 11:41:56,913 [INFO] AnalyticsPlugin:266 - Accepted Firmware Licenses: 
2022-09-04 11:41:56,953 [INFO] PluginManage:356 - Loaded plugin analytics (category:tool,tabindex:-1)
2022-09-04 11:41:56,954 [INFO] PluginManage:307 - Check plugin cadmodel
2022-09-04 11:41:56,982 [INFO] CADModel:65 - Init CAD model plugin
2022-09-04 11:41:56,983 [INFO] PluginManage:356 - Loaded plugin cadmodel (category:power,tabindex:5)
2022-09-04 11:41:56,985 [INFO] PluginManage:307 - Check plugin clock
2022-09-04 11:41:57,068 [INFO] PluginManage:356 - Loaded plugin clock (category:base,tabindex:2)
2022-09-04 11:41:57,068 [INFO] PluginManage:307 - Check plugin ddr
2022-09-04 11:41:57,087 [INFO] PluginManage:356 - Loaded plugin ddr (category:tool,tabindex:6)
2022-09-04 11:41:57,088 [INFO] PluginManage:307 - Check plugin filemanager
2022-09-04 11:41:57,773 [INFO] PluginManage:356 - Loaded plugin filemanager (category:base,tabindex:10)
2022-09-04 11:41:57,774 [INFO] PluginManage:307 - Check plugin ipmanager
2022-09-04 11:41:57,864 [INFO] PluginManage:356 - Loaded plugin ipmanager (category:base,tabindex:5)
2022-09-04 11:41:57,864 [INFO] PluginManage:307 - Check plugin lpbam
2022-09-04 11:41:57,920 [INFO] PluginManage:356 - Loaded plugin lpbam (category:base,tabindex:0)
2022-09-04 11:41:57,921 [INFO] PluginManage:307 - Check plugin pinoutandconfiguration
2022-09-04 11:41:58,014 [INFO] PluginManage:356 - Loaded plugin pinoutandconfiguration (category:base,tabindex:1)
2022-09-04 11:41:58,015 [INFO] PluginManage:307 - Check plugin pinoutconfig
2022-09-04 11:41:58,180 [INFO] PluginManage:356 - Loaded plugin pinoutconfig (category:base,tabindex:0)
2022-09-04 11:41:58,181 [INFO] PluginManage:307 - Check plugin power
2022-09-04 11:41:58,250 [INFO] PluginManage:356 - Loaded plugin power (category:power,tabindex:4)
2022-09-04 11:41:58,251 [INFO] PluginManage:307 - Check plugin projectmanager
2022-09-04 11:41:58,328 [INFO] PluginManage:356 - Loaded plugin projectmanager (category:projectmanager,tabindex:3)
2022-09-04 11:41:58,329 [INFO] PluginManage:307 - Check plugin thirdparty
2022-09-04 11:41:58,992 [WARN] IntegrityCheckThread:82 - waiting for thirdparty lock release [integrity check]
2022-09-04 11:41:58,994 [INFO] PluginManage:356 - Loaded plugin thirdparty (category:base,tabindex:-1)
2022-09-04 11:41:58,997 [INFO] IntegrityCheckThread:84 - entering critical section [integrity check]
2022-09-04 11:41:58,998 [INFO] PluginManage:307 - Check plugin tools
2022-09-04 11:41:59,005 [INFO] ThirdPartyUpdaterWithRetryManager:70 - Updater plugin not ready yet. [1/15]
2022-09-04 11:41:59,024 [INFO] PluginManage:356 - Loaded plugin tools (category:base,tabindex:7)
2022-09-04 11:41:59,025 [INFO] PluginManage:307 - Check plugin tutovideos
2022-09-04 11:41:59,893 [INFO] PluginManage:356 - Loaded plugin tutovideos (category:base,tabindex:-1)
2022-09-04 11:41:59,894 [INFO] PluginManage:307 - Check plugin updater
2022-09-04 11:41:59,955 [INFO] PluginManage:356 - Loaded plugin updater (category:base,tabindex:12)
2022-09-04 11:41:59,958 [INFO] PluginManage:280 - PluginManage : Loaded plugins [15]
2022-09-04 11:42:02,000 [INFO] PinOutPanel:1468 - setPackage(No Configuration,No Configuration)
2022-09-04 11:42:02,006 [INFO] ThirdPartyUpdaterWithRetryManager:70 - Updater plugin not ready yet. [2/15]
2022-09-04 11:42:02,247 [INFO] CADModel:98 - CPN selected for project level
2022-09-04 11:42:02,353 [INFO] IPUIPlugin:79 - create IPUIPlugin
2022-09-04 11:42:02,354 [INFO] PluginManager:217 - loadIPPluginJar : add resmgrutility
2022-09-04 11:42:02,392 [INFO] IPUIPlugin:79 - create IPUIPlugin
2022-09-04 11:42:02,393 [INFO] PluginManager:217 - loadIPPluginJar : add i2s
2022-09-04 11:42:02,443 [INFO] IPUIPlugin:79 - create IPUIPlugin
2022-09-04 11:42:02,445 [INFO] PluginManager:217 - loadIPPluginJar : add freertos
2022-09-04 11:42:02,470 [INFO] IPUIPlugin:79 - create IPUIPlugin
2022-09-04 11:42:02,471 [INFO] PluginManager:217 - loadIPPluginJar : add linkedlist
2022-09-04 11:42:02,506 [INFO] IPUIPlugin:79 - create IPUIPlugin
2022-09-04 11:42:02,507 [INFO] PluginManager:217 - loadIPPluginJar : add pdm2pcm
2022-09-04 11:42:02,513 [INFO] IPUIPlugin:79 - create IPUIPlugin
2022-09-04 11:42:02,515 [INFO] PluginManager:217 - loadIPPluginJar : add ucpd
2022-09-04 11:42:02,524 [INFO] IPUIPlugin:79 - create IPUIPlugin
2022-09-04 11:42:02,525 [INFO] PluginManager:217 - loadIPPluginJar : add lorawan
2022-09-04 11:42:02,533 [INFO] IPUIPlugin:79 - create IPUIPlugin
2022-09-04 11:42:02,534 [INFO] PluginManager:217 - loadIPPluginJar : add spi
2022-09-04 11:42:02,543 [INFO] IPUIPlugin:79 - create IPUIPlugin
2022-09-04 11:42:02,544 [INFO] PluginManager:217 - loadIPPluginJar : add aes
2022-09-04 11:42:02,583 [INFO] IPUIPlugin:79 - create IPUIPlugin
2022-09-04 11:42:02,585 [INFO] PluginManager:217 - loadIPPluginJar : add nvic
2022-09-04 11:42:02,600 [INFO] IPUIPlugin:79 - create IPUIPlugin
2022-09-04 11:42:02,601 [INFO] PluginManager:217 - loadIPPluginJar : add stm32_wpan
2022-09-04 11:42:02,610 [INFO] IPUIPlugin:79 - create IPUIPlugin
2022-09-04 11:42:02,611 [INFO] PluginManager:217 - loadIPPluginJar : add dma3
2022-09-04 11:42:02,622 [INFO] IPUIPlugin:79 - create IPUIPlugin
2022-09-04 11:42:02,623 [INFO] PluginManager:217 - loadIPPluginJar : add touchsensing
2022-09-04 11:42:02,628 [INFO] IPUIPlugin:79 - create IPUIPlugin
2022-09-04 11:42:02,629 [INFO] PluginManager:217 - loadIPPluginJar : add genericplugin
2022-09-04 11:42:02,635 [INFO] IPUIPlugin:79 - create IPUIPlugin
2022-09-04 11:42:02,637 [INFO] PluginManager:217 - loadIPPluginJar : add tracer_emb
2022-09-04 11:42:02,657 [INFO] IPUIPlugin:79 - create IPUIPlugin
2022-09-04 11:42:02,658 [INFO] PluginManager:217 - loadIPPluginJar : add adc
2022-09-04 11:42:02,667 [INFO] IPUIPlugin:79 - create IPUIPlugin
2022-09-04 11:42:02,668 [INFO] PluginManager:217 - loadIPPluginJar : add gfxmmu
2022-09-04 11:42:02,676 [INFO] IPUIPlugin:79 - create IPUIPlugin
2022-09-04 11:42:02,677 [INFO] PluginManager:217 - loadIPPluginJar : add can
2022-09-04 11:42:02,686 [INFO] IPUIPlugin:79 - create IPUIPlugin
2022-09-04 11:42:02,687 [INFO] PluginManager:217 - loadIPPluginJar : add gtzc
2022-09-04 11:42:02,705 [INFO] IPUIPlugin:79 - create IPUIPlugin
2022-09-04 11:42:02,707 [INFO] PluginManager:217 - loadIPPluginJar : add gic
2022-09-04 11:42:02,751 [INFO] IPUIPlugin:79 - create IPUIPlugin
2022-09-04 11:42:02,753 [INFO] PluginManager:217 - loadIPPluginJar : add dfsdm
2022-09-04 11:42:02,762 [INFO] IPUIPlugin:79 - create IPUIPlugin
2022-09-04 11:42:02,763 [INFO] PluginManager:217 - loadIPPluginJar : add ts
2022-09-04 11:42:02,772 [INFO] IPUIPlugin:79 - create IPUIPlugin
2022-09-04 11:42:02,773 [INFO] PluginManager:217 - loadIPPluginJar : add tim
2022-09-04 11:42:02,782 [INFO] IPUIPlugin:79 - create IPUIPlugin
2022-09-04 11:42:02,783 [INFO] PluginManager:217 - loadIPPluginJar : add usbx
2022-09-04 11:42:02,846 [INFO] IPUIPlugin:79 - create IPUIPlugin
2022-09-04 11:42:02,857 [INFO] PluginManager:217 - loadIPPluginJar : add plateformsettings
2022-09-04 11:42:02,864 [INFO] IPUIPlugin:79 - create IPUIPlugin
2022-09-04 11:42:02,865 [INFO] PluginManager:217 - loadIPPluginJar : add hash
2022-09-04 11:42:02,888 [INFO] IPUIPlugin:79 - create IPUIPlugin
2022-09-04 11:42:02,889 [INFO] PluginManager:217 - loadIPPluginJar : add ipddr
2022-09-04 11:42:02,898 [INFO] IPUIPlugin:79 - create IPUIPlugin
2022-09-04 11:42:02,899 [INFO] PluginManager:217 - loadIPPluginJar : add openamp
2022-09-04 11:42:02,937 [INFO] IPUIPlugin:79 - create IPUIPlugin
2022-09-04 11:42:02,938 [INFO] PluginManager:217 - loadIPPluginJar : add dma
2022-09-04 11:42:02,944 [INFO] IPUIPlugin:79 - create IPUIPlugin
2022-09-04 11:42:02,945 [INFO] PluginManager:217 - loadIPPluginJar : add quadspi
2022-09-04 11:42:02,949 [INFO] IPUIPlugin:79 - create IPUIPlugin
2022-09-04 11:42:02,950 [INFO] PluginManager:217 - loadIPPluginJar : add tsc
2022-09-04 11:42:02,959 [INFO] IPUIPlugin:79 - create IPUIPlugin
2022-09-04 11:42:02,959 [INFO] PluginManager:217 - loadIPPluginJar : add usart
2022-09-04 11:42:02,973 [INFO] IPUIPlugin:79 - create IPUIPlugin
2022-09-04 11:42:02,974 [INFO] PluginManager:217 - loadIPPluginJar : add fmc
2022-09-04 11:42:03,040 [INFO] IPUIPlugin:79 - create IPUIPlugin
2022-09-04 11:42:03,041 [INFO] PluginManager:217 - loadIPPluginJar : add gpio
2022-09-04 11:42:03,050 [INFO] IPUIPlugin:79 - create IPUIPlugin
2022-09-04 11:42:03,051 [INFO] PluginManager:217 - loadIPPluginJar : add opamp
2022-09-04 11:42:03,096 [INFO] IPUIPlugin:79 - create IPUIPlugin
2022-09-04 11:42:03,097 [INFO] PluginManager:217 - loadIPPluginJar : add mdma
2022-09-04 11:42:03,103 [INFO] IPUIPlugin:79 - create IPUIPlugin
2022-09-04 11:42:03,105 [INFO] PluginManager:217 - loadIPPluginJar : add comp
2022-09-04 11:42:03,115 [INFO] IPUIPlugin:79 - create IPUIPlugin
2022-09-04 11:42:03,116 [INFO] PluginManager:217 - loadIPPluginJar : add cryp
2022-09-04 11:42:03,129 [INFO] IPUIPlugin:79 - create IPUIPlugin
2022-09-04 11:42:03,131 [INFO] PluginManager:217 - loadIPPluginJar : add sai
2022-09-04 11:42:03,139 [INFO] IPUIPlugin:79 - create IPUIPlugin
2022-09-04 11:42:03,140 [INFO] PluginManager:217 - loadIPPluginJar : add i2c
2022-09-04 11:42:03,144 [INFO] IPUIPlugin:79 - create IPUIPlugin
2022-09-04 11:42:03,145 [INFO] PluginManager:217 - loadIPPluginJar : add ltdc
2022-09-04 11:42:03,149 [INFO] IPUIPlugin:79 - create IPUIPlugin
2022-09-04 11:42:03,150 [INFO] PluginManager:217 - loadIPPluginJar : add fatfs
2022-09-04 11:42:03,395 [INFO] CADModel:98 - CPN selected for project level
2022-09-04 11:42:04,040 [INFO] CADModel:98 - CPN selected for project level
2022-09-04 11:42:04,052 [FATAL] Updater:301 - Updater called before beeing initialized
2022-09-04 11:42:04,431 [FATAL] Updater:301 - Updater called before beeing initialized
2022-09-04 11:42:04,472 [INFO] DbMcusAds:52 - JSON generation date=Thu Sep 30 15:55:09 KST 2021 (1632984909377)
2022-09-04 11:42:04,473 [FATAL] Updater:301 - Updater called before beeing initialized
2022-09-04 11:42:04,787 [WARN] DetailPanel:344 - Failed to get advertising image, set to default
2022-09-04 11:42:05,007 [INFO] ThirdPartyUpdaterWithRetryManager:70 - Updater plugin not ready yet. [3/15]
2022-09-04 11:42:05,367 [FATAL] Updater:301 - Updater called before beeing initialized
2022-09-04 11:42:05,371 [FATAL] Updater:301 - Updater called before beeing initialized
2022-09-04 11:42:05,372 [FATAL] Updater:301 - Updater called before beeing initialized
2022-09-04 11:42:05,373 [WARN] DetailPanel:344 - Failed to get advertising image, set to default
2022-09-04 11:42:05,377 [FATAL] Updater:301 - Updater called before beeing initialized
2022-09-04 11:42:05,578 [ERROR] Updater:1105 - MainUpdater not yet initialized. External WinMGr cannot be set.
2022-09-04 11:42:05,599 [INFO] Updater:1041 - Updater Version found : 6.6.0
2022-09-04 11:42:05,658 [INFO] ApplicationProperties:181 - Using Application install path: /opt/st/stm32cubeide_1.10.0/plugins/com.st.stm32cube.common.mx_6.6.0.202206222154
2022-09-04 11:42:06,323 [INFO] MainUpdater:2768 - connection check result : 10
2022-09-04 11:42:06,325 [INFO] MainUpdater:3453 - Updater definition file requires update
2022-09-04 11:42:06,327 [INFO] MainUpdater:280 - Updater Check For Update Now.
2022-09-04 11:42:06,329 [INFO] MicroXplorer:481 - Change Database Version : DB.6.0.60
2022-09-04 11:42:06,392 [INFO] ServerAccessManage:474 - Download File updaters.zip
2022-09-04 11:42:06,606 [INFO] FileExtend:239 - Unzip File : updaters.zip
2022-09-04 11:42:06,606 [INFO] FileExtend:254 - Standard Zip Deflate
2022-09-04 11:42:07,301 [INFO] ServerAccessManage:474 - Download File PacksControlFlags.xml
2022-09-04 11:42:07,425 [INFO] ServerAccessManage:474 - Download File cubemx.pidx
2022-09-04 11:42:08,014 [WARN] MainUpdater:1184 - Updater busy. Cannot search thirdparties
2022-09-04 11:42:08,015 [INFO] ThirdPartyUpdaterWithRetryManager:96 - Updater plugin is busy. [1/15]
2022-09-04 11:42:08,425 [INFO] ServerAccessManage:474 - Download File STMicroelectronics.FP-ATR-ASTRA1.pdsc
2022-09-04 11:42:11,015 [WARN] MainUpdater:1184 - Updater busy. Cannot search thirdparties
2022-09-04 11:42:11,016 [INFO] ThirdPartyUpdaterWithRetryManager:96 - Updater plugin is busy. [2/15]
2022-09-04 11:42:11,785 [WARN] PackLoader:242 - Cannot read IP mode file for STMicroelectronics.FP-ATR-ASTRA1.1.1.1
2022-09-04 11:42:11,793 [INFO] PopulateThirdPartyThread:64 - Ending populate Thread
2022-09-04 11:42:11,799 [INFO] ThirdParty:981 - CMSIS Pack Vendor :STMicroelectronics FP-ATR-ASTRA1 1.1.1
2022-09-04 11:42:11,801 [INFO] LoadServerUpdatesThread:367 - End of LoadServerUpdate Thread
2022-09-04 11:42:11,869 [INFO] CheckServerUpdateThread:119 - End of CheckServer Thread
2022-09-04 11:42:12,047 [INFO] MainUpdater:2768 - connection check result : 10
2022-09-04 11:42:14,016 [WARN] MainUpdater:1184 - Updater busy. Cannot search thirdparties
2022-09-04 11:42:14,017 [INFO] ThirdPartyUpdaterWithRetryManager:96 - Updater plugin is busy. [3/15]
2022-09-04 11:42:15,262 [INFO] CheckServerUpdateThread:119 - End of CheckServer Thread
2022-09-04 11:42:17,018 [WARN] MainUpdater:1184 - Updater busy. Cannot search thirdparties
2022-09-04 11:42:17,018 [INFO] ThirdPartyUpdaterWithRetryManager:96 - Updater plugin is busy. [4/15]
2022-09-04 11:42:20,019 [WARN] MainUpdater:1184 - Updater busy. Cannot search thirdparties
2022-09-04 11:42:20,020 [INFO] ThirdPartyUpdaterWithRetryManager:96 - Updater plugin is busy. [5/15]
2022-09-04 11:42:23,020 [WARN] MainUpdater:1184 - Updater busy. Cannot search thirdparties
2022-09-04 11:42:23,021 [INFO] ThirdPartyUpdaterWithRetryManager:96 - Updater plugin is busy. [6/15]
2022-09-04 11:42:26,021 [WARN] MainUpdater:1184 - Updater busy. Cannot search thirdparties
2022-09-04 11:42:26,022 [INFO] ThirdPartyUpdaterWithRetryManager:96 - Updater plugin is busy. [7/15]
2022-09-04 11:42:29,023 [WARN] MainUpdater:1184 - Updater busy. Cannot search thirdparties
2022-09-04 11:42:29,023 [INFO] ThirdPartyUpdaterWithRetryManager:96 - Updater plugin is busy. [8/15]
2022-09-04 11:42:32,024 [WARN] MainUpdater:1184 - Updater busy. Cannot search thirdparties
2022-09-04 11:42:32,025 [INFO] ThirdPartyUpdaterWithRetryManager:96 - Updater plugin is busy. [9/15]
2022-09-04 11:42:35,026 [WARN] MainUpdater:1184 - Updater busy. Cannot search thirdparties
2022-09-04 11:42:35,026 [INFO] ThirdPartyUpdaterWithRetryManager:96 - Updater plugin is busy. [10/15]
2022-09-04 11:42:38,027 [WARN] MainUpdater:1184 - Updater busy. Cannot search thirdparties
2022-09-04 11:42:38,028 [INFO] ThirdPartyUpdaterWithRetryManager:96 - Updater plugin is busy. [11/15]
2022-09-04 11:42:41,029 [WARN] MainUpdater:1184 - Updater busy. Cannot search thirdparties
2022-09-04 11:42:41,030 [INFO] ThirdPartyUpdaterWithRetryManager:96 - Updater plugin is busy. [12/15]
2022-09-04 11:42:44,030 [WARN] MainUpdater:1184 - Updater busy. Cannot search thirdparties
2022-09-04 11:42:44,031 [INFO] ThirdPartyUpdaterWithRetryManager:96 - Updater plugin is busy. [13/15]
2022-09-04 11:42:47,032 [WARN] MainUpdater:1184 - Updater busy. Cannot search thirdparties
2022-09-04 11:42:47,032 [INFO] ThirdPartyUpdaterWithRetryManager:96 - Updater plugin is busy. [14/15]
2022-09-04 11:42:50,033 [WARN] MainUpdater:1184 - Updater busy. Cannot search thirdparties
2022-09-04 11:42:50,034 [INFO] ThirdPartyUpdaterWithRetryManager:96 - Updater plugin is busy. [15/15]
2022-09-04 11:42:50,035 [ERROR] IntegrityCheckThread:128 - Cannot retrieve database content from updater: error -1
2022-09-04 11:42:50,036 [INFO] ThirdParty:929 - Integrity check success = false
2022-09-04 11:42:50,036 [INFO] IntegrityCheckThread:98 - exiting critical section [integrity check]
2022-09-04 11:42:50,037 [INFO] IntegrityCheckThread:101 - End integrity checks thread
2022-09-04 11:50:12,483 [ERROR] LogOutputStream:74 - [STDERR_REDIRECT] Warning: NLS missing message: ExternalToolsPreferencePage_External_tool_project_builders_migration_2 in: org.eclipse.ui.externaltools.internal.ui.ExternalToolsUIMessages
2022-09-04 11:50:12,485 [ERROR] LogOutputStream:74 - [STDERR_REDIRECT] Warning: NLS missing message: ExternalToolsPreferencePage_Prompt_before_migrating_3 in: org.eclipse.ui.externaltools.internal.ui.ExternalToolsUIMessages
2022-09-04 11:50:12,487 [ERROR] LogOutputStream:74 - [STDERR_REDIRECT] Warning: NLS missing message: ExternalToolsPreferencePage_1 in: org.eclipse.ui.externaltools.internal.ui.ExternalToolsUIMessages
2022-09-04 12:18:11,251 [INFO] McuFinderGlobals:44 - Set McuFinder mode to 2 (CubeIDE integrated)
2022-09-04 12:18:11,257 [INFO] MainUpdater:2768 - connection check result : 10
2022-09-04 12:18:11,268 [INFO] McuFinderGlobals:57 - Set McuFinderConnectedMode to true
2022-09-04 12:18:11,707 [INFO] ServerAccessManage:474 - Download File mcusAds.json._tmp_
2022-09-04 12:18:11,941 [INFO] LoadUrlFilesThread:150 - End of LoadUrlFiles Thread
2022-09-04 12:18:12,152 [INFO] ServerAccessManage:474 - Download File cube-finder-db.zip
2022-09-04 12:18:27,576 [INFO] FileExtend:239 - Unzip File : cube-finder-db.zip
2022-09-04 12:18:27,578 [INFO] FileExtend:254 - Standard Zip Deflate
2022-09-04 12:18:30,187 [INFO] LoadUrlFilesThread:150 - End of LoadUrlFiles Thread
2022-09-04 12:18:32,497 [INFO] ServerAccessManage:474 - Download File crdb.zip
2022-09-04 12:18:33,985 [INFO] FileExtend:239 - Unzip File : crdb.zip
2022-09-04 12:18:33,986 [INFO] FileExtend:254 - Standard Zip Deflate
2022-09-04 12:18:34,158 [INFO] LoadUrlFilesThread:150 - End of LoadUrlFiles Thread
2022-09-04 12:18:34,285 [INFO] ServerAccessManage:474 - Download File tutoVideoDB.zip
2022-09-04 12:18:34,372 [INFO] FileExtend:239 - Unzip File : tutoVideoDB.zip
2022-09-04 12:18:34,373 [INFO] FileExtend:254 - Standard Zip Deflate
2022-09-04 12:18:34,485 [INFO] LoadUrlFilesThread:150 - End of LoadUrlFiles Thread
2022-09-04 12:18:34,545 [INFO] JxBrowserEngine:106 - Initiate JxBrowser Engine with user profile folder
2022-09-04 12:18:44,122 [WARN] DbFile:40 - Overriding database path with different value: /home/encanto/.stmcufinder/plugins/mcufinder/ => /home/encanto/.stmcufinder/plugins/mcufinder
2022-09-04 12:18:44,274 [INFO] ServerAccessManage:474 - Download File api_config.json
2022-09-04 12:18:44,386 [INFO] LoadUrlFilesThread:150 - End of LoadUrlFiles Thread
2022-09-04 12:18:44,387 [INFO] DbMcusAds:52 - JSON generation date=Thu Sep 30 15:55:09 KST 2021 (1632984909265)
2022-09-04 12:18:44,516 [INFO] LoadUrlFilesThread:177 - End of LoadServerUrlFiles without Thread
2022-09-04 12:18:44,517 [INFO] TargetSelectorAdapter:228 - Refresh data is successful
2022-09-04 12:18:45,090 [INFO] ApiDb:576 - Connected to CubeFinder SQLite database (/home/encanto/.stmcufinder/plugins/mcufinder/mcu/cube-finder-db.db)
2022-09-04 12:18:45,170 [INFO] ApiDb:663 - CubeFinder database Data Model version=2.1
2022-09-04 12:18:45,170 [INFO] ApiDb:664 - CubeFinder database Configuration version=3.0.32
2022-09-04 12:18:45,177 [INFO] ApiDb:665 - CubeFinder database generation date=2022-08-05 (1659688109)
2022-09-04 12:18:45,178 [INFO] ApiDb:666 - CubeFinder database FW Pack versions=[STM32Cube_FW_C0_V1.0.0, STM32Cube_FW_F4_V1.27.1, STM32Cube_FW_F7_V1.17.0, STM32Cube_FW_G0_V1.6.1, STM32Cube_FW_G4_V1.5.0, STM32Cube_FW_H7_V1.10.0, STM32Cube_FW_L5_V1.4.0, STM32Cube_FW_U5_V1.1.1, STM32Cube_FW_WB_V1.14.1, STM32Cube_FW_WL_V1.2.0, X-CUBE-ALGOBUILD_V1.3.0, X-CUBE-ALS_V1.0.1, X-CUBE-AZRTOS-F4_V1.1.0, X-CUBE-AZRTOS-F7_V1.1.0, X-CUBE-AZRTOS-G0_V1.1.0, X-CUBE-AZRTOS-G4_V1.0.0, X-CUBE-AZRTOS-H7_V2.1.0, X-CUBE-AZRTOS-L4_V1.0.0, X-CUBE-AZRTOS-L5_V1.0.0, X-CUBE-AZRTOS-WL_V1.0.0, X-CUBE-BLE1_V6.2.3, X-CUBE-BLE2_V3.3.0, X-CUBE-EEPRMA1_V3.1.1, X-CUBE-GNSS1_V6.0.0, X-CUBE-MEMS1_V9.1.0, X-CUBE-MEMS1_V9.3.0, X-CUBE-NFC4_V2.0.4, X-CUBE-NFC7_V1.0.0, X-CUBE-SFXS2LP1_V4.0.0, X-CUBE-SUBG2_V5.0.0]
2022-09-04 12:18:52,400 [INFO] ApiDb:239 - Found 138 in-development CPN: [B-WB1M-WPAN1, NUCLEO-C031C6, STEVAL-STWINBX1, STM320518-EVAL, STM32C0116-DK, STM32C011D6Y3TR, STM32C011D6Y6TR, STM32C011F4P3, STM32C011F4P6, STM32C011F4U3, STM32C011F4U6TR, STM32C011F6P3, STM32C011F6P6, STM32C011F6U3, STM32C011F6U6TR, STM32C011J4M3, STM32C011J4M6, STM32C011J6M3, STM32C011J6M6, STM32C0316-DK, STM32C031C4T3, STM32C031C4T6, STM32C031C4U3, STM32C031C4U6, STM32C031C6T3, STM32C031C6T6, STM32C031C6U3, STM32C031C6U6, STM32C031F4P3, STM32C031F4P6, STM32C031F6P3, STM32C031F6P6, STM32C031G4U3, STM32C031G4U6, STM32C031G6U3, STM32C031G6U6, STM32C031K4T3, STM32C031K4T6, STM32C031K4U3, STM32C031K4U6, STM32C031K6T3, STM32C031K6T6, STM32C031K6U3, STM32C031K6U6, STM32G071K8TXN, STM32G071K8UXN, STM32G081GBU6N, STM32G081KBT6N, STM32G081KBUXN, STM32G0B1CCT6N, STM32G0B1KCT6, STM32G0B1NEY6TR, STM32G0B1RCT6N, STM32G0C1CCT6, STM32G0C1CCT6N, STM32G0C1CCU6N, STM32G0C1CET6N, STM32G0C1CEU6N, STM32G0C1KCT6, STM32G0C1NEY6TR, STM32G0C1RCI6N, STM32G0C1RCT6N, STM32G0C1REI6N, STM32G0C1RET6N, STM32G0C1VCI6, STM32G0C1VEI6, STM32G471CCT6, STM32G471CCU6, STM32G471CET3, STM32G471CET6, STM32G471CEU3, STM32G471CEU6, STM32G471MCT6, STM32G471MET3, STM32G471MET6, STM32G471MEY6TR, STM32G471QCT6, STM32G471QET3, STM32G471RCT6, STM32G471RET3, STM32G471RET6, STM32G471VCH6, STM32G471VCI6, STM32G471VCT6, STM32G471VEH3, STM32G471VEH6, STM32G471VEI3, STM32G471VEI6, STM32G471VET3, STM32G471VET6, STM32G474CCT6, STM32L476VGY6PTR, STM32L4R5QGI6STR, STM32MP131AAE3, STM32MP131AAF3, STM32MP131AAG3, STM32MP131CAE3, STM32MP131CAF3, STM32MP131CAG3, STM32MP131DAE7, STM32MP131DAF7, STM32MP131DAG7, STM32MP131FAE7, STM32MP131FAF7, STM32MP131FAG7, STM32MP133AAE3, STM32MP133AAF3, STM32MP133AAG3, STM32MP133CAE3, STM32MP133CAF3, STM32MP133CAG3, STM32MP133DAE7, STM32MP133DAF7, STM32MP133DAG7, STM32MP133FAE7, STM32MP133FAF7, STM32MP133FAG7, STM32MP135AAE3, STM32MP135AAF3, STM32MP135AAG3, STM32MP135CAE3, STM32MP135CAF3, STM32MP135CAG3, STM32MP135DAE7, STM32MP135DAF7, STM32MP135DAG7, STM32MP135F-DK, STM32MP135FAE7, STM32MP135FAF7, STM32MP135FAG7, STM32U595ZJT6Q, STM32U599BJY6QTR, STM32U599NIH6Q, STM32U599NJH6Q, STM32U5A5ZJT6Q, STM32U5A9BJY6QTR, STM32U5A9NJH6Q, STM32WB1MMCH6]
2022-09-04 12:18:52,422 [INFO] DbMcus:215 - Found 3542 MCUs, 3542 are supported
2022-09-04 12:18:52,430 [INFO] ApiDb:418 - Load user favorites file /home/encanto/.stm32cubeide/favorites.mcus.txt: 0 item(s)
2022-09-04 12:18:52,437 [INFO] ApiDb:422 - User favorites MCUs=[]
2022-09-04 12:18:52,438 [INFO] DbMcus:221 - Set 0 / 0 favorites MCUs
2022-09-04 12:18:52,450 [INFO] ApiDb:663 - CubeFinder database Data Model version=2.1
2022-09-04 12:18:52,451 [INFO] ApiDb:664 - CubeFinder database Configuration version=3.0.32
2022-09-04 12:18:52,451 [INFO] ApiDb:665 - CubeFinder database generation date=2022-08-05 (1659688109)
2022-09-04 12:18:52,451 [INFO] ApiDb:666 - CubeFinder database FW Pack versions=[STM32Cube_FW_C0_V1.0.0, STM32Cube_FW_F4_V1.27.1, STM32Cube_FW_F7_V1.17.0, STM32Cube_FW_G0_V1.6.1, STM32Cube_FW_G4_V1.5.0, STM32Cube_FW_H7_V1.10.0, STM32Cube_FW_L5_V1.4.0, STM32Cube_FW_U5_V1.1.1, STM32Cube_FW_WB_V1.14.1, STM32Cube_FW_WL_V1.2.0, X-CUBE-ALGOBUILD_V1.3.0, X-CUBE-ALS_V1.0.1, X-CUBE-AZRTOS-F4_V1.1.0, X-CUBE-AZRTOS-F7_V1.1.0, X-CUBE-AZRTOS-G0_V1.1.0, X-CUBE-AZRTOS-G4_V1.0.0, X-CUBE-AZRTOS-H7_V2.1.0, X-CUBE-AZRTOS-L4_V1.0.0, X-CUBE-AZRTOS-L5_V1.0.0, X-CUBE-AZRTOS-WL_V1.0.0, X-CUBE-BLE1_V6.2.3, X-CUBE-BLE2_V3.3.0, X-CUBE-EEPRMA1_V3.1.1, X-CUBE-GNSS1_V6.0.0, X-CUBE-MEMS1_V9.1.0, X-CUBE-MEMS1_V9.3.0, X-CUBE-NFC4_V2.0.4, X-CUBE-NFC7_V1.0.0, X-CUBE-SFXS2LP1_V4.0.0, X-CUBE-SUBG2_V5.0.0]
2022-09-04 12:18:52,670 [INFO] DbBoardsSqlite:227 - include board P-NUCLEO-WB55-NUCLEO as a kit item of type 'Nucleo-64'
2022-09-04 12:18:52,671 [INFO] DbBoardsSqlite:227 - include board P-NUCLEO-WB55-USBDONGLE as a kit item of type 'Nucleo USB Dongle'
2022-09-04 12:18:52,673 [INFO] DbBoardsSqlite:227 - include board STEVAL-IDP005V1 as a kit item of type 'Evaluation Board'
2022-09-04 12:18:52,674 [INFO] DbBoardsSqlite:227 - include board STEVAL-IDP005V2 as a kit item of type 'Evaluation Board'
2022-09-04 12:18:52,703 [INFO] ApiDb:239 - Found 138 in-development CPN: [B-WB1M-WPAN1, NUCLEO-C031C6, STEVAL-STWINBX1, STM320518-EVAL, STM32C0116-DK, STM32C011D6Y3TR, STM32C011D6Y6TR, STM32C011F4P3, STM32C011F4P6, STM32C011F4U3, STM32C011F4U6TR, STM32C011F6P3, STM32C011F6P6, STM32C011F6U3, STM32C011F6U6TR, STM32C011J4M3, STM32C011J4M6, STM32C011J6M3, STM32C011J6M6, STM32C0316-DK, STM32C031C4T3, STM32C031C4T6, STM32C031C4U3, STM32C031C4U6, STM32C031C6T3, STM32C031C6T6, STM32C031C6U3, STM32C031C6U6, STM32C031F4P3, STM32C031F4P6, STM32C031F6P3, STM32C031F6P6, STM32C031G4U3, STM32C031G4U6, STM32C031G6U3, STM32C031G6U6, STM32C031K4T3, STM32C031K4T6, STM32C031K4U3, STM32C031K4U6, STM32C031K6T3, STM32C031K6T6, STM32C031K6U3, STM32C031K6U6, STM32G071K8TXN, STM32G071K8UXN, STM32G081GBU6N, STM32G081KBT6N, STM32G081KBUXN, STM32G0B1CCT6N, STM32G0B1KCT6, STM32G0B1NEY6TR, STM32G0B1RCT6N, STM32G0C1CCT6, STM32G0C1CCT6N, STM32G0C1CCU6N, STM32G0C1CET6N, STM32G0C1CEU6N, STM32G0C1KCT6, STM32G0C1NEY6TR, STM32G0C1RCI6N, STM32G0C1RCT6N, STM32G0C1REI6N, STM32G0C1RET6N, STM32G0C1VCI6, STM32G0C1VEI6, STM32G471CCT6, STM32G471CCU6, STM32G471CET3, STM32G471CET6, STM32G471CEU3, STM32G471CEU6, STM32G471MCT6, STM32G471MET3, STM32G471MET6, STM32G471MEY6TR, STM32G471QCT6, STM32G471QET3, STM32G471RCT6, STM32G471RET3, STM32G471RET6, STM32G471VCH6, STM32G471VCI6, STM32G471VCT6, STM32G471VEH3, STM32G471VEH6, STM32G471VEI3, STM32G471VEI6, STM32G471VET3, STM32G471VET6, STM32G474CCT6, STM32L476VGY6PTR, STM32L4R5QGI6STR, STM32MP131AAE3, STM32MP131AAF3, STM32MP131AAG3, STM32MP131CAE3, STM32MP131CAF3, STM32MP131CAG3, STM32MP131DAE7, STM32MP131DAF7, STM32MP131DAG7, STM32MP131FAE7, STM32MP131FAF7, STM32MP131FAG7, STM32MP133AAE3, STM32MP133AAF3, STM32MP133AAG3, STM32MP133CAE3, STM32MP133CAF3, STM32MP133CAG3, STM32MP133DAE7, STM32MP133DAF7, STM32MP133DAG7, STM32MP133FAE7, STM32MP133FAF7, STM32MP133FAG7, STM32MP135AAE3, STM32MP135AAF3, STM32MP135AAG3, STM32MP135CAE3, STM32MP135CAF3, STM32MP135CAG3, STM32MP135DAE7, STM32MP135DAF7, STM32MP135DAG7, STM32MP135F-DK, STM32MP135FAE7, STM32MP135FAF7, STM32MP135FAG7, STM32U595ZJT6Q, STM32U599BJY6QTR, STM32U599NIH6Q, STM32U599NJH6Q, STM32U5A5ZJT6Q, STM32U5A9BJY6QTR, STM32U5A9NJH6Q, STM32WB1MMCH6]
2022-09-04 12:18:53,163 [INFO] BoardInfo:879 - No configuration file found for board P-NUCLEO-WB55
2022-09-04 12:18:53,164 [INFO] DbBoards:156 - Kit is not supported: P-NUCLEO-WB55
2022-09-04 12:18:53,179 [INFO] BoardInfo:879 - No configuration file found for board STEVAL-BFA001V1B
2022-09-04 12:18:53,180 [INFO] DbBoards:156 - Kit is not supported: STEVAL-BFA001V1B
2022-09-04 12:18:53,183 [INFO] BoardInfo:879 - No configuration file found for board STEVAL-BFA001V2B
2022-09-04 12:18:53,184 [INFO] DbBoards:156 - Kit is not supported: STEVAL-BFA001V2B
2022-09-04 12:18:53,542 [INFO] DbBoards:160 - Found 176 boards, 173 are supported
2022-09-04 12:18:53,568 [INFO] ApiDb:409 - User favorites file not found: /home/encanto/.stm32cubeide/favorites.boards.txt
2022-09-04 12:18:53,569 [INFO] DbBoards:189 - Set 0 / 0 favorites Boards
2022-09-04 12:18:53,580 [INFO] ApiDb:663 - CubeFinder database Data Model version=2.1
2022-09-04 12:18:53,581 [INFO] ApiDb:664 - CubeFinder database Configuration version=3.0.32
2022-09-04 12:18:53,581 [INFO] ApiDb:665 - CubeFinder database generation date=2022-08-05 (1659688109)
2022-09-04 12:18:53,581 [INFO] ApiDb:666 - CubeFinder database FW Pack versions=[STM32Cube_FW_C0_V1.0.0, STM32Cube_FW_F4_V1.27.1, STM32Cube_FW_F7_V1.17.0, STM32Cube_FW_G0_V1.6.1, STM32Cube_FW_G4_V1.5.0, STM32Cube_FW_H7_V1.10.0, STM32Cube_FW_L5_V1.4.0, STM32Cube_FW_U5_V1.1.1, STM32Cube_FW_WB_V1.14.1, STM32Cube_FW_WL_V1.2.0, X-CUBE-ALGOBUILD_V1.3.0, X-CUBE-ALS_V1.0.1, X-CUBE-AZRTOS-F4_V1.1.0, X-CUBE-AZRTOS-F7_V1.1.0, X-CUBE-AZRTOS-G0_V1.1.0, X-CUBE-AZRTOS-G4_V1.0.0, X-CUBE-AZRTOS-H7_V2.1.0, X-CUBE-AZRTOS-L4_V1.0.0, X-CUBE-AZRTOS-L5_V1.0.0, X-CUBE-AZRTOS-WL_V1.0.0, X-CUBE-BLE1_V6.2.3, X-CUBE-BLE2_V3.3.0, X-CUBE-EEPRMA1_V3.1.1, X-CUBE-GNSS1_V6.0.0, X-CUBE-MEMS1_V9.1.0, X-CUBE-MEMS1_V9.3.0, X-CUBE-NFC4_V2.0.4, X-CUBE-NFC7_V1.0.0, X-CUBE-SFXS2LP1_V4.0.0, X-CUBE-SUBG2_V5.0.0]
2022-09-04 12:18:56,362 [INFO] DbExamplesSqlite:374 - Ignored 31 examples not supported by CubeIDE
2022-09-04 12:18:56,363 [INFO] DbExamplesSqlite:375 - Found 6197 examples active
2022-09-04 12:18:56,364 [INFO] DbExamplesSqlite:376 - Found 89 examples obsolete
2022-09-04 12:18:56,365 [INFO] DbExamplesSqlite:377 - Found 0 examples under development
2022-09-04 12:18:56,366 [INFO] DbExamplesSqlite:378 - Found 76 examples not building
2022-09-04 12:18:56,371 [INFO] DbExamples:124 - Found 6242 examples
2022-09-04 12:18:56,435 [INFO] DbExamples:221 - Found 77 boards with related examples
2022-09-04 12:18:56,441 [INFO] DbExamples:234 - Found 64 MCUs with related examples
2022-09-04 12:18:56,512 [INFO] ApiDb:409 - User favorites file not found: /home/encanto/.stm32cubeide/favorites.examples.txt
2022-09-04 12:18:56,513 [INFO] DbExamples:249 - Set 0 / 0 favorites Examples
2022-09-04 12:18:57,082 [INFO] McuFinderGlobals:57 - Set McuFinderConnectedMode to true
2022-09-04 12:18:57,108 [INFO] MultiScanPanel:195 - Auto-refresh data requested => check proxy status ongoing
2022-09-04 12:18:57,117 [INFO] FinderPluginLoader:92 - Searching for filters in installed packs
2022-09-04 12:19:06,058 [INFO] LoadUrlFilesThread:177 - End of LoadServerUrlFiles without Thread
2022-09-04 12:19:06,116 [INFO] DetailPanel:339 - Set advertising image to /home/encanto/STM32Cube/Repository//en.Prom_NBSTM32U50921.jpg
2022-09-04 12:19:24,354 [INFO] McuFinderGlobals:57 - Set McuFinderConnectedMode to true
2022-09-04 12:19:24,961 [INFO] ApiDb:443 - Save user favorites file /home/encanto/.stm32cubeide/favorites.mcus.txt: 0 item(s)
2022-09-04 12:19:24,962 [INFO] ApiDb:447 - User favorites MCUs=[]
2022-10-16 08:55:16,948 [INFO] Activator:177 - 


2022-10-16 08:55:16,970 [INFO] Activator:178 - !SESSION log4j initialized
2022-10-16 08:56:02,714 [ERROR] LogOutputStream:74 - [STDERR_REDIRECT] SLF4J: Failed to load class "org.slf4j.impl.StaticLoggerBinder".
2022-10-16 08:56:02,729 [ERROR] LogOutputStream:74 - [STDERR_REDIRECT] SLF4J: Defaulting to no-operation (NOP) logger implementation
2022-10-16 08:56:02,743 [ERROR] LogOutputStream:74 - [STDERR_REDIRECT] SLF4J: See http://www.slf4j.org/codes.html#StaticLoggerBinder for further details.
2022-10-16 09:16:53,754 [INFO] Activator:177 - 


2022-10-16 09:16:53,789 [INFO] Activator:178 - !SESSION log4j initialized
2022-10-16 09:17:41,670 [ERROR] LogOutputStream:74 - [STDERR_REDIRECT] SLF4J: Failed to load class "org.slf4j.impl.StaticLoggerBinder".
2022-10-16 09:17:41,673 [ERROR] LogOutputStream:74 - [STDERR_REDIRECT] SLF4J: Defaulting to no-operation (NOP) logger implementation
2022-10-16 09:17:41,682 [ERROR] LogOutputStream:74 - [STDERR_REDIRECT] SLF4J: See http://www.slf4j.org/codes.html#StaticLoggerBinder for further details.
2022-10-16 09:54:09,510 [INFO] Activator:177 - 


2022-10-16 09:54:09,525 [INFO] Activator:178 - !SESSION log4j initialized
2022-10-16 09:54:52,218 [ERROR] LogOutputStream:74 - [STDERR_REDIRECT] SLF4J: Failed to load class "org.slf4j.impl.StaticLoggerBinder".
2022-10-16 09:54:52,225 [ERROR] LogOutputStream:74 - [STDERR_REDIRECT] SLF4J: Defaulting to no-operation (NOP) logger implementation
2022-10-16 09:54:52,235 [ERROR] LogOutputStream:74 - [STDERR_REDIRECT] SLF4J: See http://www.slf4j.org/codes.html#StaticLoggerBinder for further details.
2022-10-16 17:39:32,006 [INFO] Activator:177 - 


2022-10-16 17:39:32,026 [INFO] Activator:178 - !SESSION log4j initialized
2022-10-16 17:40:29,746 [ERROR] LogOutputStream:74 - [STDERR_REDIRECT] SLF4J: Failed to load class "org.slf4j.impl.StaticLoggerBinder".
2022-10-16 17:40:29,755 [ERROR] LogOutputStream:74 - [STDERR_REDIRECT] SLF4J: Defaulting to no-operation (NOP) logger implementation
2022-10-16 17:40:29,880 [ERROR] LogOutputStream:74 - [STDERR_REDIRECT] SLF4J: See http://www.slf4j.org/codes.html#StaticLoggerBinder for further details.
2022-10-16 22:05:24,519 [INFO] Activator:177 - 


2022-10-16 22:05:24,554 [INFO] Activator:178 - !SESSION log4j initialized
2022-10-16 22:06:06,370 [ERROR] LogOutputStream:74 - [STDERR_REDIRECT] SLF4J: Failed to load class "org.slf4j.impl.StaticLoggerBinder".
2022-10-16 22:06:06,373 [ERROR] LogOutputStream:74 - [STDERR_REDIRECT] SLF4J: Defaulting to no-operation (NOP) logger implementation
2022-10-16 22:06:06,374 [ERROR] LogOutputStream:74 - [STDERR_REDIRECT] SLF4J: See http://www.slf4j.org/codes.html#StaticLoggerBinder for further details.
2022-10-16 23:36:17,931 [ERROR] LogOutputStream:74 - [STDERR_REDIRECT] Warning: NLS missing message: ExternalToolsPreferencePage_External_tool_project_builders_migration_2 in: org.eclipse.ui.externaltools.internal.ui.ExternalToolsUIMessages
2022-10-16 23:36:17,982 [ERROR] LogOutputStream:74 - [STDERR_REDIRECT] Warning: NLS missing message: ExternalToolsPreferencePage_Prompt_before_migrating_3 in: org.eclipse.ui.externaltools.internal.ui.ExternalToolsUIMessages
2022-10-16 23:36:17,985 [ERROR] LogOutputStream:74 - [STDERR_REDIRECT] Warning: NLS missing message: ExternalToolsPreferencePage_1 in: org.eclipse.ui.externaltools.internal.ui.ExternalToolsUIMessages
2022-10-17 12:31:11,869 [INFO] Activator:177 - 


2022-10-17 12:31:11,894 [INFO] Activator:178 - !SESSION log4j initialized
2022-10-17 12:32:01,042 [ERROR] LogOutputStream:74 - [STDERR_REDIRECT] SLF4J: Failed to load class "org.slf4j.impl.StaticLoggerBinder".
2022-10-17 12:32:01,046 [ERROR] LogOutputStream:74 - [STDERR_REDIRECT] SLF4J: Defaulting to no-operation (NOP) logger implementation
2022-10-17 12:32:01,055 [ERROR] LogOutputStream:74 - [STDERR_REDIRECT] SLF4J: See http://www.slf4j.org/codes.html#StaticLoggerBinder for further details.
2022-10-17 20:38:03,563 [INFO] Activator:177 - 


2022-10-17 20:38:03,638 [INFO] Activator:178 - !SESSION log4j initialized
2022-10-17 20:38:53,207 [ERROR] LogOutputStream:74 - [STDERR_REDIRECT] SLF4J: Failed to load class "org.slf4j.impl.StaticLoggerBinder".
2022-10-17 20:38:53,215 [ERROR] LogOutputStream:74 - [STDERR_REDIRECT] SLF4J: Defaulting to no-operation (NOP) logger implementation
2022-10-17 20:38:53,227 [ERROR] LogOutputStream:74 - [STDERR_REDIRECT] SLF4J: See http://www.slf4j.org/codes.html#StaticLoggerBinder for further details.
2022-10-18 01:09:41,382 [INFO] Activator:177 - 


2022-10-18 01:09:41,410 [INFO] Activator:178 - !SESSION log4j initialized
2022-10-18 01:10:27,358 [ERROR] LogOutputStream:74 - [STDERR_REDIRECT] SLF4J: Failed to load class "org.slf4j.impl.StaticLoggerBinder".
2022-10-18 01:10:27,362 [ERROR] LogOutputStream:74 - [STDERR_REDIRECT] SLF4J: Defaulting to no-operation (NOP) logger implementation
2022-10-18 01:10:27,379 [ERROR] LogOutputStream:74 - [STDERR_REDIRECT] SLF4J: See http://www.slf4j.org/codes.html#StaticLoggerBinder for further details.
2022-10-18 10:31:10,987 [INFO] Activator:177 - 


2022-10-18 10:31:11,011 [INFO] Activator:178 - !SESSION log4j initialized
2022-10-18 10:31:56,595 [ERROR] LogOutputStream:74 - [STDERR_REDIRECT] SLF4J: Failed to load class "org.slf4j.impl.StaticLoggerBinder".
2022-10-18 10:31:56,600 [ERROR] LogOutputStream:74 - [STDERR_REDIRECT] SLF4J: Defaulting to no-operation (NOP) logger implementation
2022-10-18 10:31:56,608 [ERROR] LogOutputStream:74 - [STDERR_REDIRECT] SLF4J: See http://www.slf4j.org/codes.html#StaticLoggerBinder for further details.
2022-10-18 13:16:37,474 [INFO] Activator:177 - 


2022-10-18 13:16:37,517 [INFO] Activator:178 - !SESSION log4j initialized
2022-10-18 13:17:25,413 [ERROR] LogOutputStream:74 - [STDERR_REDIRECT] SLF4J: Failed to load class "org.slf4j.impl.StaticLoggerBinder".
2022-10-18 13:17:25,419 [ERROR] LogOutputStream:74 - [STDERR_REDIRECT] SLF4J: Defaulting to no-operation (NOP) logger implementation
2022-10-18 13:17:25,433 [ERROR] LogOutputStream:74 - [STDERR_REDIRECT] SLF4J: See http://www.slf4j.org/codes.html#StaticLoggerBinder for further details.
2022-10-18 21:13:32,761 [INFO] Activator:177 - 


2022-10-18 21:13:32,789 [INFO] Activator:178 - !SESSION log4j initialized
2022-10-18 21:14:23,448 [ERROR] LogOutputStream:74 - [STDERR_REDIRECT] SLF4J: Failed to load class "org.slf4j.impl.StaticLoggerBinder".
2022-10-18 21:14:23,454 [ERROR] LogOutputStream:74 - [STDERR_REDIRECT] SLF4J: Defaulting to no-operation (NOP) logger implementation
2022-10-18 21:14:23,487 [ERROR] LogOutputStream:74 - [STDERR_REDIRECT] SLF4J: See http://www.slf4j.org/codes.html#StaticLoggerBinder for further details.
2022-10-18 23:31:52,265 [ERROR] ConfigurationRetriever:139 - IOException on connection: sw-center.st.com
2022-10-18 23:31:52,383 [ERROR] ConfigurationRetriever:139 - IOException on connection: sw-center.st.com
2022-10-18 23:31:52,386 [ERROR] ConfigurationRetriever:139 - IOException on connection: sw-center.st.com
2022-10-19 10:56:51,017 [INFO] Activator:177 - 


2022-10-19 10:56:51,044 [INFO] Activator:178 - !SESSION log4j initialized
2022-10-19 10:57:35,939 [ERROR] LogOutputStream:74 - [STDERR_REDIRECT] SLF4J: Failed to load class "org.slf4j.impl.StaticLoggerBinder".
2022-10-19 10:57:35,947 [ERROR] LogOutputStream:74 - [STDERR_REDIRECT] SLF4J: Defaulting to no-operation (NOP) logger implementation
2022-10-19 10:57:35,964 [ERROR] LogOutputStream:74 - [STDERR_REDIRECT] SLF4J: See http://www.slf4j.org/codes.html#StaticLoggerBinder for further details.
2022-10-19 14:12:51,471 [INFO] Activator:177 - 


2022-10-19 14:12:51,497 [INFO] Activator:178 - !SESSION log4j initialized
2022-10-19 14:13:44,869 [ERROR] LogOutputStream:74 - [STDERR_REDIRECT] SLF4J: Failed to load class "org.slf4j.impl.StaticLoggerBinder".
2022-10-19 14:13:44,872 [ERROR] LogOutputStream:74 - [STDERR_REDIRECT] SLF4J: Defaulting to no-operation (NOP) logger implementation
2022-10-19 14:13:44,887 [ERROR] LogOutputStream:74 - [STDERR_REDIRECT] SLF4J: See http://www.slf4j.org/codes.html#StaticLoggerBinder for further details.
2022-11-07 12:01:48,729 [INFO] Activator:177 - 


2022-11-07 12:01:48,750 [INFO] Activator:178 - !SESSION log4j initialized
2022-11-07 12:02:39,594 [ERROR] LogOutputStream:74 - [STDERR_REDIRECT] SLF4J: Failed to load class "org.slf4j.impl.StaticLoggerBinder".
2022-11-07 12:02:39,600 [ERROR] LogOutputStream:74 - [STDERR_REDIRECT] SLF4J: Defaulting to no-operation (NOP) logger implementation
2022-11-07 12:02:39,629 [ERROR] LogOutputStream:74 - [STDERR_REDIRECT] SLF4J: See http://www.slf4j.org/codes.html#StaticLoggerBinder for further details.
2022-11-30 18:07:03,358 [INFO] Activator:177 - 


2022-11-30 18:07:03,420 [INFO] Activator:178 - !SESSION log4j initialized
2022-11-30 18:07:50,239 [ERROR] LogOutputStream:74 - [STDERR_REDIRECT] SLF4J: Failed to load class "org.slf4j.impl.StaticLoggerBinder".
2022-11-30 18:07:50,242 [ERROR] LogOutputStream:74 - [STDERR_REDIRECT] SLF4J: Defaulting to no-operation (NOP) logger implementation
2022-11-30 18:07:50,255 [ERROR] LogOutputStream:74 - [STDERR_REDIRECT] SLF4J: See http://www.slf4j.org/codes.html#StaticLoggerBinder for further details.
2022-11-30 22:36:27,204 [INFO] Activator:177 - 


2022-11-30 22:36:27,234 [INFO] Activator:178 - !SESSION log4j initialized
2022-11-30 22:37:14,144 [ERROR] LogOutputStream:74 - [STDERR_REDIRECT] SLF4J: Failed to load class "org.slf4j.impl.StaticLoggerBinder".
2022-11-30 22:37:14,147 [ERROR] LogOutputStream:74 - [STDERR_REDIRECT] SLF4J: Defaulting to no-operation (NOP) logger implementation
2022-11-30 22:37:14,159 [ERROR] LogOutputStream:74 - [STDERR_REDIRECT] SLF4J: See http://www.slf4j.org/codes.html#StaticLoggerBinder for further details.
2022-12-01 05:23:49,460 [INFO] Activator:177 - 


2022-12-01 05:23:49,501 [INFO] Activator:178 - !SESSION log4j initialized
2022-12-01 05:24:36,158 [ERROR] LogOutputStream:74 - [STDERR_REDIRECT] SLF4J: Failed to load class "org.slf4j.impl.StaticLoggerBinder".
2022-12-01 05:24:36,173 [ERROR] LogOutputStream:74 - [STDERR_REDIRECT] SLF4J: Defaulting to no-operation (NOP) logger implementation
2022-12-01 05:24:36,193 [ERROR] LogOutputStream:74 - [STDERR_REDIRECT] SLF4J: See http://www.slf4j.org/codes.html#StaticLoggerBinder for further details.
2022-12-01 16:42:47,369 [INFO] Activator:177 - 


2022-12-01 16:42:47,408 [INFO] Activator:178 - !SESSION log4j initialized
2022-12-01 16:44:01,452 [ERROR] LogOutputStream:74 - [STDERR_REDIRECT] SLF4J: Failed to load class "org.slf4j.impl.StaticLoggerBinder".
2022-12-01 16:44:01,467 [ERROR] LogOutputStream:74 - [STDERR_REDIRECT] SLF4J: Defaulting to no-operation (NOP) logger implementation
2022-12-01 16:44:01,494 [ERROR] LogOutputStream:74 - [STDERR_REDIRECT] SLF4J: See http://www.slf4j.org/codes.html#StaticLoggerBinder for further details.
2022-12-02 05:36:07,315 [INFO] Activator:177 - 


2022-12-02 05:36:07,345 [INFO] Activator:178 - !SESSION log4j initialized
2022-12-02 05:36:59,478 [ERROR] LogOutputStream:74 - [STDERR_REDIRECT] SLF4J: Failed to load class "org.slf4j.impl.StaticLoggerBinder".
2022-12-02 05:36:59,486 [ERROR] LogOutputStream:74 - [STDERR_REDIRECT] SLF4J: Defaulting to no-operation (NOP) logger implementation
2022-12-02 05:36:59,520 [ERROR] LogOutputStream:74 - [STDERR_REDIRECT] SLF4J: See http://www.slf4j.org/codes.html#StaticLoggerBinder for further details.
2022-12-02 18:47:24,258 [INFO] Activator:177 - 


2022-12-02 18:47:24,288 [INFO] Activator:178 - !SESSION log4j initialized
2022-12-02 18:48:11,709 [ERROR] LogOutputStream:74 - [STDERR_REDIRECT] SLF4J: Failed to load class "org.slf4j.impl.StaticLoggerBinder".
2022-12-02 18:48:11,713 [ERROR] LogOutputStream:74 - [STDERR_REDIRECT] SLF4J: Defaulting to no-operation (NOP) logger implementation
2022-12-02 18:48:11,725 [ERROR] LogOutputStream:74 - [STDERR_REDIRECT] SLF4J: See http://www.slf4j.org/codes.html#StaticLoggerBinder for further details.
2022-12-03 04:27:33,200 [INFO] Activator:177 - 


2022-12-03 04:27:33,220 [INFO] Activator:178 - !SESSION log4j initialized
2022-12-03 04:28:21,015 [ERROR] LogOutputStream:74 - [STDERR_REDIRECT] SLF4J: Failed to load class "org.slf4j.impl.StaticLoggerBinder".
2022-12-03 04:28:21,022 [ERROR] LogOutputStream:74 - [STDERR_REDIRECT] SLF4J: Defaulting to no-operation (NOP) logger implementation
2022-12-03 04:28:21,031 [ERROR] LogOutputStream:74 - [STDERR_REDIRECT] SLF4J: See http://www.slf4j.org/codes.html#StaticLoggerBinder for further details.
2022-12-03 07:10:21,412 [INFO] Activator:177 - 


2022-12-03 07:10:21,479 [INFO] Activator:178 - !SESSION log4j initialized
2022-12-03 07:11:26,260 [ERROR] LogOutputStream:74 - [STDERR_REDIRECT] SLF4J: Failed to load class "org.slf4j.impl.StaticLoggerBinder".
2022-12-03 07:11:26,266 [ERROR] LogOutputStream:74 - [STDERR_REDIRECT] SLF4J: Defaulting to no-operation (NOP) logger implementation
2022-12-03 07:11:26,275 [ERROR] LogOutputStream:74 - [STDERR_REDIRECT] SLF4J: See http://www.slf4j.org/codes.html#StaticLoggerBinder for further details.
2022-12-03 12:55:17,881 [INFO] Activator:177 - 


2022-12-03 12:55:17,912 [INFO] Activator:178 - !SESSION log4j initialized
2022-12-03 12:56:36,037 [ERROR] LogOutputStream:74 - [STDERR_REDIRECT] SLF4J: Failed to load class "org.slf4j.impl.StaticLoggerBinder".
2022-12-03 12:56:36,065 [ERROR] LogOutputStream:74 - [STDERR_REDIRECT] SLF4J: Defaulting to no-operation (NOP) logger implementation
2022-12-03 12:56:36,077 [ERROR] LogOutputStream:74 - [STDERR_REDIRECT] SLF4J: See http://www.slf4j.org/codes.html#StaticLoggerBinder for further details.
2022-12-03 21:57:28,099 [INFO] Activator:177 - 


2022-12-03 21:57:28,127 [INFO] Activator:178 - !SESSION log4j initialized
2022-12-03 21:58:14,543 [ERROR] LogOutputStream:74 - [STDERR_REDIRECT] SLF4J: Failed to load class "org.slf4j.impl.StaticLoggerBinder".
2022-12-03 21:58:14,546 [ERROR] LogOutputStream:74 - [STDERR_REDIRECT] SLF4J: Defaulting to no-operation (NOP) logger implementation
2022-12-03 21:58:14,556 [ERROR] LogOutputStream:74 - [STDERR_REDIRECT] SLF4J: See http://www.slf4j.org/codes.html#StaticLoggerBinder for further details.
2022-12-06 23:15:38,997 [INFO] Activator:177 - 


2022-12-06 23:15:39,017 [INFO] Activator:178 - !SESSION log4j initialized
2022-12-06 23:16:26,718 [ERROR] LogOutputStream:74 - [STDERR_REDIRECT] SLF4J: Failed to load class "org.slf4j.impl.StaticLoggerBinder".
2022-12-06 23:16:26,733 [ERROR] LogOutputStream:74 - [STDERR_REDIRECT] SLF4J: Defaulting to no-operation (NOP) logger implementation
2022-12-06 23:16:26,772 [ERROR] LogOutputStream:74 - [STDERR_REDIRECT] SLF4J: See http://www.slf4j.org/codes.html#StaticLoggerBinder for further details.
2022-12-07 10:56:39,200 [INFO] Activator:177 - 


2022-12-07 10:56:39,230 [INFO] Activator:178 - !SESSION log4j initialized
2022-12-07 10:57:26,145 [ERROR] LogOutputStream:74 - [STDERR_REDIRECT] SLF4J: Failed to load class "org.slf4j.impl.StaticLoggerBinder".
2022-12-07 10:57:26,150 [ERROR] LogOutputStream:74 - [STDERR_REDIRECT] SLF4J: Defaulting to no-operation (NOP) logger implementation
2022-12-07 10:57:26,159 [ERROR] LogOutputStream:74 - [STDERR_REDIRECT] SLF4J: See http://www.slf4j.org/codes.html#StaticLoggerBinder for further details.
2022-12-07 11:37:45,662 [INFO] Activator:177 - 


2022-12-07 11:37:45,685 [INFO] Activator:178 - !SESSION log4j initialized
2022-12-07 11:38:28,584 [ERROR] LogOutputStream:74 - [STDERR_REDIRECT] SLF4J: Failed to load class "org.slf4j.impl.StaticLoggerBinder".
2022-12-07 11:38:28,606 [ERROR] LogOutputStream:74 - [STDERR_REDIRECT] SLF4J: Defaulting to no-operation (NOP) logger implementation
2022-12-07 11:38:28,631 [ERROR] LogOutputStream:74 - [STDERR_REDIRECT] SLF4J: See http://www.slf4j.org/codes.html#StaticLoggerBinder for further details.
2023-02-19 13:39:59,273 [INFO] Activator:177 - 


2023-02-19 13:39:59,305 [INFO] Activator:178 - !SESSION log4j initialized
2023-02-19 13:40:59,182 [ERROR] LogOutputStream:74 - [STDERR_REDIRECT] SLF4J: Failed to load class "org.slf4j.impl.StaticLoggerBinder".
2023-02-19 13:40:59,225 [ERROR] LogOutputStream:74 - [STDERR_REDIRECT] SLF4J: Defaulting to no-operation (NOP) logger implementation
2023-02-19 13:40:59,226 [ERROR] LogOutputStream:74 - [STDERR_REDIRECT] SLF4J: See http://www.slf4j.org/codes.html#StaticLoggerBinder for further details.
2023-02-21 07:30:23,858 [INFO] Activator:177 - 


2023-02-21 07:30:23,877 [INFO] Activator:178 - !SESSION log4j initialized
2023-02-21 07:31:14,337 [ERROR] LogOutputStream:74 - [STDERR_REDIRECT] SLF4J: Failed to load class "org.slf4j.impl.StaticLoggerBinder".
2023-02-21 07:31:14,340 [ERROR] LogOutputStream:74 - [STDERR_REDIRECT] SLF4J: Defaulting to no-operation (NOP) logger implementation
2023-02-21 07:31:14,341 [ERROR] LogOutputStream:74 - [STDERR_REDIRECT] SLF4J: See http://www.slf4j.org/codes.html#StaticLoggerBinder for further details.
2023-02-21 15:04:51,256 [INFO] Activator:177 - 


2023-02-21 15:04:51,342 [INFO] Activator:178 - !SESSION log4j initialized
2023-02-21 15:05:39,280 [ERROR] LogOutputStream:74 - [STDERR_REDIRECT] SLF4J: Failed to load class "org.slf4j.impl.StaticLoggerBinder".
2023-02-21 15:05:39,284 [ERROR] LogOutputStream:74 - [STDERR_REDIRECT] SLF4J: Defaulting to no-operation (NOP) logger implementation
2023-02-21 15:05:39,286 [ERROR] LogOutputStream:74 - [STDERR_REDIRECT] SLF4J: See http://www.slf4j.org/codes.html#StaticLoggerBinder for further details.
2023-02-22 07:30:16,565 [INFO] Activator:177 - 


2023-02-22 07:30:16,595 [INFO] Activator:178 - !SESSION log4j initialized
2023-02-22 07:31:02,493 [ERROR] LogOutputStream:74 - [STDERR_REDIRECT] SLF4J: Failed to load class "org.slf4j.impl.StaticLoggerBinder".
2023-02-22 07:31:02,498 [ERROR] LogOutputStream:74 - [STDERR_REDIRECT] SLF4J: Defaulting to no-operation (NOP) logger implementation
2023-02-22 07:31:02,502 [ERROR] LogOutputStream:74 - [STDERR_REDIRECT] SLF4J: See http://www.slf4j.org/codes.html#StaticLoggerBinder for further details.
2023-02-22 09:34:30,793 [INFO] Activator:177 - 


2023-02-22 09:34:30,830 [INFO] Activator:178 - !SESSION log4j initialized
2023-02-22 09:35:39,259 [ERROR] LogOutputStream:74 - [STDERR_REDIRECT] SLF4J: Failed to load class "org.slf4j.impl.StaticLoggerBinder".
2023-02-22 09:35:39,292 [ERROR] LogOutputStream:74 - [STDERR_REDIRECT] SLF4J: Defaulting to no-operation (NOP) logger implementation
2023-02-22 09:35:39,296 [ERROR] LogOutputStream:74 - [STDERR_REDIRECT] SLF4J: See http://www.slf4j.org/codes.html#StaticLoggerBinder for further details.
2023-02-22 20:49:39,027 [INFO] Activator:177 - 


2023-02-22 20:49:39,055 [INFO] Activator:178 - !SESSION log4j initialized
2023-02-22 20:50:29,625 [ERROR] LogOutputStream:74 - [STDERR_REDIRECT] SLF4J: Failed to load class "org.slf4j.impl.StaticLoggerBinder".
2023-02-22 20:50:29,628 [ERROR] LogOutputStream:74 - [STDERR_REDIRECT] SLF4J: Defaulting to no-operation (NOP) logger implementation
2023-02-22 20:50:29,629 [ERROR] LogOutputStream:74 - [STDERR_REDIRECT] SLF4J: See http://www.slf4j.org/codes.html#StaticLoggerBinder for further details.
2023-04-11 16:36:17,060 [INFO] Activator:177 - 


2023-04-11 16:36:17,079 [INFO] Activator:178 - !SESSION log4j initialized
2023-04-11 16:37:06,914 [ERROR] LogOutputStream:74 - [STDERR_REDIRECT] SLF4J: Failed to load class "org.slf4j.impl.StaticLoggerBinder".
2023-04-11 16:37:06,918 [ERROR] LogOutputStream:74 - [STDERR_REDIRECT] SLF4J: Defaulting to no-operation (NOP) logger implementation
2023-04-11 16:37:06,920 [ERROR] LogOutputStream:74 - [STDERR_REDIRECT] SLF4J: See http://www.slf4j.org/codes.html#StaticLoggerBinder for further details.
